#
# A fatal error has been detected by the Java Runtime Environment:
#
#  EXCEPTION_ACCESS_VIOLATION (0xc0000005) at pc=0x00007ffddd6edc86, pid=2616, tid=14648
#
# JRE version: Java(TM) SE Runtime Environment (9.0+11) (build 9.0.4+11)
# Java VM: Java HotSpot(TM) 64-Bit Server VM (9.0.4+11, mixed mode, tiered, compressed oops, g1 gc, windows-amd64)
# Problematic frame:
# C  [librdi_simdata.dll+0x2dc86]
#
# No core dump will be written. Minidumps are not enabled by default on client versions of Windows
#
# If you would like to submit a bug report, please visit:
#   http://bugreport.java.com/bugreport/crash.jsp
# The crash happened outside the Java Virtual Machine in native code.
# See problematic frame for where to report the bug.
#

---------------  S U M M A R Y ------------

Command Line: -Dsun.java2d.pmoffscreen=false -Dsun.java2d.xrender=false -Dsun.java2d.d3d=false -Dsun.awt.nopixfmt=true -Dsun.java2d.dpiaware=true -Dsun.java2d.uiScale.enabled=false -Xverify:none -Dswing.aatext=true -XX:-UsePerfData -Djdk.map.althashing.threshold=512 -XX:StringTableSize=4072 --add-opens=java.base/java.nio=ALL-UNNAMED --add-opens=java.desktop/sun.swing=ALL-UNNAMED --add-opens=java.desktop/javax.swing=ALL-UNNAMED --add-opens=java.desktop/javax.swing.tree=ALL-UNNAMED --add-opens=java.desktop/javax.swing.plaf.basic=ALL-UNNAMED --add-opens=java.desktop/javax.swing.plaf.synth=ALL-UNNAMED --add-opens=java.desktop/com.sun.awt=ALL-UNNAMED -XX:NewSize=60m -XX:MaxNewSize=60m -Xms128m -Xmx3072m -Xss5m 

Host: Intel(R) Core(TM) i5-7300HQ CPU @ 2.50GHz, 4 cores, 7G,  Windows 10 , 64 bit Build 19041 (10.0.19041.1348)
Time: Sun Jan 09 15:38:08 2022 ?D1¨²¡À¨º¡Á?¨º¡À?? elapsed time: 8131 seconds (0d 2h 15m 31s)

---------------  T H R E A D  ---------------

Current thread (0x000002ca5be19800):  JavaThread "AWT-EventQueue-1" [_thread_in_native, id=14648, stack(0x000000d732d00000,0x000000d733200000)]

Stack: [0x000000d732d00000,0x000000d733200000],  sp=0x000000d7331fb600,  free space=5101k
Native frames: (J=compiled Java code, j=interpreted, Vv=VM code, C=native code)
C  [librdi_simdata.dll+0x2dc86]
C  [librdi_simdata.dll+0x45507]
C  [librdi_simdata.dll+0x831dc]
C  0x000002ca4a86a05c

Java frames: (J=compiled Java code, j=interpreted, Vv=VM code)
J 20851  ui.views.simulator.executive.simulationi.SimulationExecutive_getCodeTooltipValue(JLjava/lang/String;IZ)Ljava/lang/String; (0 bytes) @ 0x000002ca4a869fbf [0x000002ca4a869f60+0x000000000000005f]
J 22668 c2 ui.views.O.d.mouseMoved(Ljava/awt/event/MouseEvent;)V (13 bytes) @ 0x000002ca4af9bd84 [0x000002ca4af9b980+0x0000000000000404]
J 16002 c2 java.awt.AWTEventMulticaster.mouseMoved(Ljava/awt/event/MouseEvent;)V java.desktop@9.0.4 (27 bytes) @ 0x000002ca4a8f80f4 [0x000002ca4a8f8040+0x00000000000000b4]
J 20977 c2 javax.swing.JComponent.processMouseMotionEvent(Ljava/awt/event/MouseEvent;)V java.desktop@9.0.4 (46 bytes) @ 0x000002ca4a92c524 [0x000002ca4a92c380+0x00000000000001a4]
J 13590 c2 java.awt.Container.processEvent(Ljava/awt/AWTEvent;)V java.desktop@9.0.4 (22 bytes) @ 0x000002ca4a50f598 [0x000002ca4a50f420+0x0000000000000178]
J 21862 c2 java.awt.Component.dispatchEventImpl(Ljava/awt/AWTEvent;)V java.desktop@9.0.4 (739 bytes) @ 0x000002ca4ae6fddc [0x000002ca4ae6f2e0+0x0000000000000afc]
J 17382 c2 java.awt.Container.dispatchEventImpl(Ljava/awt/AWTEvent;)V java.desktop@9.0.4 (129 bytes) @ 0x000002ca4aa863b8 [0x000002ca4aa86360+0x0000000000000058]
J 19122 c2 java.awt.LightweightDispatcher.retargetMouseEvent(Ljava/awt/Component;ILjava/awt/event/MouseEvent;)V java.desktop@9.0.4 (350 bytes) @ 0x000002ca4ac8fafc [0x000002ca4ac8f400+0x00000000000006fc]
J 22105 c2 java.awt.LightweightDispatcher.processMouseEvent(Ljava/awt/event/MouseEvent;)Z java.desktop@9.0.4 (265 bytes) @ 0x000002ca4af1566c [0x000002ca4af14e40+0x000000000000082c]
J 17382 c2 java.awt.Container.dispatchEventImpl(Ljava/awt/AWTEvent;)V java.desktop@9.0.4 (129 bytes) @ 0x000002ca4aa86764 [0x000002ca4aa86360+0x0000000000000404]
J 20852 c2 java.awt.Window.dispatchEventImpl(Ljava/awt/AWTEvent;)V java.desktop@9.0.4 (23 bytes) @ 0x000002ca4a87918c [0x000002ca4a879140+0x000000000000004c]
J 13029 c2 java.awt.EventQueue$3.run()Ljava/lang/Object; java.desktop@9.0.4 (5 bytes) @ 0x000002ca4a04a054 [0x000002ca4a049ea0+0x00000000000001b4]
v  ~StubRoutines::call_stub
J 7548  java.security.AccessController.doPrivileged(Ljava/security/PrivilegedAction;Ljava/security/AccessControlContext;)Ljava/lang/Object; java.base@9.0.4 (0 bytes) @ 0x000002ca49cb03c6 [0x000002ca49cb0360+0x0000000000000066]
J 15996 c2 java.awt.EventQueue$4.run()Ljava/lang/Object; java.desktop@9.0.4 (5 bytes) @ 0x000002ca4a8e82b4 [0x000002ca4a8e8060+0x0000000000000254]
v  ~StubRoutines::call_stub
J 7548  java.security.AccessController.doPrivileged(Ljava/security/PrivilegedAction;Ljava/security/AccessControlContext;)Ljava/lang/Object; java.base@9.0.4 (0 bytes) @ 0x000002ca49cb03c6 [0x000002ca49cb0360+0x0000000000000066]
J 13000 c2 ui.frmwork.b.d.dispatchEvent(Ljava/awt/AWTEvent;)V (34 bytes) @ 0x000002ca4a04b23c [0x000002ca4a04ae40+0x00000000000003fc]
J 18568 c2 java.awt.EventDispatchThread.pumpOneEventForFilters(I)V java.desktop@9.0.4 (218 bytes) @ 0x000002ca4ab6f6c8 [0x000002ca4ab6f3a0+0x0000000000000328]
J 19665% c2 java.awt.EventDispatchThread.pumpEventsForFilter(ILjava/awt/Conditional;Ljava/awt/EventFilter;)V java.desktop@9.0.4 (47 bytes) @ 0x000002ca4adaa078 [0x000002ca4ada9f60+0x0000000000000118]
j  java.awt.EventDispatchThread.pumpEventsForHierarchy(ILjava/awt/Conditional;Ljava/awt/Component;)V+11 java.desktop@9.0.4
j  java.awt.EventDispatchThread.pumpEvents(ILjava/awt/Conditional;)V+4 java.desktop@9.0.4
j  java.awt.EventDispatchThread.pumpEvents(Ljava/awt/Conditional;)V+3 java.desktop@9.0.4
j  java.awt.EventDispatchThread.run()V+9 java.desktop@9.0.4
v  ~StubRoutines::call_stub

siginfo: EXCEPTION_ACCESS_VIOLATION (0xc0000005), reading address 0x0000000000003458


Register to memory mapping:

RIP=0x00007ffddd6edc86 librdi_simdata.dll
RAX=0x000002ca6efdc6a8 is an unknown value
RBX=0x0000000000000001 is an unknown value
RCX=0x000002ca6efdc6a8 is an unknown value
RDX=0x000000d7331fb668 is pointing into the stack for thread: 0x000002ca5be19800
RSP=0x000000d7331fb600 is pointing into the stack for thread: 0x000002ca5be19800
RBP=0x000000d7331fb700 is pointing into the stack for thread: 0x000002ca5be19800
RSI=0x000002ca5ff2c8b0 is an unknown value
RDI=0x000000d7331fb848 is pointing into the stack for thread: 0x000002ca5be19800
R8 =0x0000000000000000 is an unknown value
R9 =0x0000000000003430 is an unknown value
R10=0x0000000000000012 is an unknown value
R11=0x000000d7331fb7d0 is pointing into the stack for thread: 0x000002ca5be19800
R12=0x000002ca68441970 is an unknown value
R13=0x0000000000000000 is an unknown value
R14=0x0000000000000000 is an unknown value
R15=0x000000d7331fba58 is pointing into the stack for thread: 0x000002ca5be19800


Registers:
RAX=0x000002ca6efdc6a8, RBX=0x0000000000000001, RCX=0x000002ca6efdc6a8, RDX=0x000000d7331fb668
RSP=0x000000d7331fb600, RBP=0x000000d7331fb700, RSI=0x000002ca5ff2c8b0, RDI=0x000000d7331fb848
R8 =0x0000000000000000, R9 =0x0000000000003430, R10=0x0000000000000012, R11=0x000000d7331fb7d0
R12=0x000002ca68441970, R13=0x0000000000000000, R14=0x0000000000000000, R15=0x000000d7331fba58
RIP=0x00007ffddd6edc86, EFLAGS=0x0000000000010246

Top of Stack: (sp=0x000000d7331fb600)
0x000000d7331fb600:   000000d7331fb848 000000d7331fb668
0x000000d7331fb610:   000000d7331fb700 000002ca5ff2c8b0
0x000000d7331fb620:   0000000000000001 000000d7331fb750
0x000000d7331fb630:   000000d700000001 00007ffe6284868b
0x000000d7331fb640:   000000d7331fb990 000002ca68441970
0x000000d7331fb650:   000000d7331fb850 fffffffffffffffe
0x000000d7331fb660:   000000d7331fb848 00006e6769737361
0x000000d7331fb670:   000002ca35a0df00 0000000000000006
0x000000d7331fb680:   000000000000000f 000001b300000000
0x000000d7331fb690:   0000000000000032 00007ffe06449754
0x000000d7331fb6a0:   0000000203312798 000000070b38abc8
0x000000d7331fb6b0:   0000000200000000 0000023e000003eb
0x000000d7331fb6c0:   000000d7331fb782 000000d7331fb750
0x000000d7331fb6d0:   000000d7331fb850 000000d7331fb6e0
0x000000d7331fb6e0:   000000d7331fb782 000002ca6b56fdb4
0x000000d7331fb6f0:   0000000000000000 0000000700a8c128 

Instructions: (pc=0x00007ffddd6edc86)
0x00007ffddd6edc66:   b0 e8 24 3a fe ff 48 8b 06 48 8b ce ff 90 b8 00
0x00007ffddd6edc76:   00 00 4c 8b 08 45 33 c0 48 8d 54 24 68 48 8b c8
0x00007ffddd6edc86:   41 ff 51 28 48 8b d8 44 89 74 24 20 4c 8d 0d 2f
0x00007ffddd6edc96:   86 1d 00 4c 8d 05 f8 85 1d 00 33 d2 48 8b c8 e8 



---------------  P R O C E S S  ---------------

Java Threads: ( => current thread )
  0x000002ca5e3ed000 JavaThread "Relaunch Simulation" [_thread_blocked, id=12800, stack(0x000000d738400000,0x000000d738900000)]
  0x000002ca5e3e5800 JavaThread "Thread-8383" [_thread_in_native, id=4084, stack(0x000000d72be00000,0x000000d72bf00000)]
  0x000002ca5e3e9000 JavaThread "Thread-8375" [_thread_in_native, id=13596, stack(0x000000d72be00000,0x000000d72bf00000)]
  0x000002ca5e3eb800 JavaThread "Thread-8357" [_thread_in_native, id=460, stack(0x000000d734b00000,0x000000d734c00000)]
  0x000002ca5e3ea800 JavaThread "Thread-7851" [_thread_in_native, id=1116, stack(0x000000d72bd00000,0x000000d72be00000)]
  0x000002ca5e3e7800 JavaThread "Thread-7826" [_thread_in_native, id=8316, stack(0x000000d72bd00000,0x000000d72be00000)]
  0x000002ca5e3ec000 JavaThread "Thread-7812" [_thread_in_native, id=8336, stack(0x000000d72be00000,0x000000d72bf00000)]
  0x000002ca5ff48800 JavaThread "Thread-6340" [_thread_in_native, id=11632, stack(0x000000d737600000,0x000000d737700000)]
  0x000002ca5acb1000 JavaThread "Thread-6324" [_thread_in_native, id=11268, stack(0x000000d737700000,0x000000d737800000)]
  0x000002ca5ff4c000 JavaThread "Thread-4692" [_thread_in_native, id=14380, stack(0x000000d72be00000,0x000000d72bf00000)]
  0x000002ca6abca000 JavaThread "Thread-4674" [_thread_in_native, id=8060, stack(0x000000d72be00000,0x000000d72bf00000)]
  0x000002ca6abc8800 JavaThread "Thread-4661" [_thread_in_native, id=8304, stack(0x000000d72bd00000,0x000000d72be00000)]
  0x000002ca6abcf800 JavaThread "Thread-4419" [_thread_in_native, id=9328, stack(0x000000d737600000,0x000000d737700000)]
  0x000002ca6abc8000 JavaThread "Thread-4398" [_thread_in_native, id=10960, stack(0x000000d737600000,0x000000d737700000)]
  0x000002ca6abcb800 JavaThread "Thread-4381" [_thread_in_native, id=10664, stack(0x000000d737700000,0x000000d737800000)]
  0x000002ca6abcc800 JavaThread "Thread-3601" [_thread_in_native, id=4484, stack(0x000000d72be00000,0x000000d72bf00000)]
  0x000002ca6abcb000 JavaThread "Thread-3366" [_thread_in_native, id=7152, stack(0x000000d737600000,0x000000d737700000)]
  0x000002ca6abc1000 JavaThread "Thread-3350" [_thread_in_native, id=15300, stack(0x000000d737700000,0x000000d737800000)]
  0x000002ca6abc2000 JavaThread "Monitor File Timestamp Swing Worker" [_thread_blocked, id=2024, stack(0x000000d737f00000,0x000000d738400000)]
  0x000002ca6abc5800 JavaThread "Timer-3" [_thread_blocked, id=5440, stack(0x000000d737a00000,0x000000d737f00000)]
  0x000002ca6abc5000 JavaThread "Thread-2294" [_thread_in_native, id=11084, stack(0x000000d737f00000,0x000000d738000000)]
  0x000002ca6abc6800 JavaThread "Thread-2249" [_thread_in_native, id=2464, stack(0x000000d737a00000,0x000000d737b00000)]
  0x000002ca5acaf800 JavaThread "Monitor File Timestamp Swing Worker" [_thread_blocked, id=10336, stack(0x000000d736c00000,0x000000d737100000)]
  0x000002ca5ff49000 JavaThread "Timer-1" [_thread_blocked, id=5108, stack(0x000000d736700000,0x000000d736c00000)]
  0x000002ca5ff46000 JavaThread "Image Animator 0" daemon [_thread_blocked, id=9080, stack(0x000000d737100000,0x000000d737600000)]
  0x000002ca5ff4a000 JavaThread "SyntheticaAnimation 50" daemon [_thread_blocked, id=11844, stack(0x000000d736200000,0x000000d736700000)]
  0x000002ca5ff47800 JavaThread "Monitor File Timestamp Swing Worker" [_thread_blocked, id=5580, stack(0x000000d733200000,0x000000d733700000)]
  0x000002ca5ff4b800 JavaThread "Timer-0" [_thread_blocked, id=936, stack(0x000000d731e00000,0x000000d732300000)]
  0x000002ca5ff45800 JavaThread "hw_ila_monitor" [_thread_blocked, id=7648, stack(0x000000d735d00000,0x000000d736200000)]
  0x000002ca5acad800 JavaThread "Update Runs Swing Worker" [_thread_blocked, id=8680, stack(0x000000d734100000,0x000000d734600000)]
  0x000002ca5acac000 JavaThread "Refresh Filesets Swing Worker" [_thread_blocked, id=3388, stack(0x000000d733c00000,0x000000d734100000)]
  0x000002ca5acb2800 JavaThread "SyntheticaAnimation 70" daemon [_thread_blocked, id=13088, stack(0x000000d733700000,0x000000d733c00000)]
  0x000002ca5acb3000 JavaThread "SyntheticaAnimation 25" daemon [_thread_blocked, id=6264, stack(0x000000d735800000,0x000000d735d00000)]
  0x000002ca5acb1800 JavaThread "SyntheticaAnimation 50" daemon [_thread_blocked, id=4028, stack(0x000000d735300000,0x000000d735800000)]
  0x000002ca5acb0000 JavaThread "Monitor HEventQueue" [_thread_blocked, id=5080, stack(0x000000d734e00000,0x000000d735300000)]
  0x000002ca5acad000 JavaThread "Batik CleanerThread" daemon [_thread_blocked, id=8436, stack(0x000000d734600000,0x000000d734b00000)]
  0x000002ca5acae800 JavaThread "SyntheticaCleanerThread" daemon [_thread_blocked, id=8844, stack(0x000000d732300000,0x000000d732800000)]
=>0x000002ca5be19800 JavaThread "AWT-EventQueue-1" [_thread_in_native, id=14648, stack(0x000000d732d00000,0x000000d733200000)]
  0x000002ca5be18800 JavaThread "Process Messages" [_thread_blocked, id=1440, stack(0x000000d732800000,0x000000d732d00000)]
  0x000002ca5c571800 JavaThread "Thread-1" [_thread_in_native, id=5668, stack(0x000000d72c000000,0x000000d72d400000)]
  0x000002ca5aec0000 JavaThread "TimerQueue" daemon [_thread_blocked, id=14980, stack(0x000000d731900000,0x000000d731e00000)]
  0x000002ca5aa89800 JavaThread "AWT-Windows" daemon [_thread_in_native, id=8764, stack(0x000000d731400000,0x000000d731900000)]
  0x000002ca5a951000 JavaThread "AWT-Shutdown" [_thread_blocked, id=6676, stack(0x000000d730f00000,0x000000d731400000)]
  0x000002ca5a950800 JavaThread "Java2D Disposer" daemon [_thread_blocked, id=15260, stack(0x000000d730a00000,0x000000d730f00000)]
  0x000002ca36fb5000 JavaThread "Service Thread" daemon [_thread_blocked, id=14264, stack(0x000000d730400000,0x000000d730900000)]
  0x000002ca372b9000 JavaThread "Common-Cleaner" daemon [_thread_blocked, id=15296, stack(0x000000d72ff00000,0x000000d730400000)]
  0x000002ca36a50800 JavaThread "Sweeper thread" daemon [_thread_blocked, id=1448, stack(0x000000d72fa00000,0x000000d72ff00000)]
  0x000002ca36cab000 JavaThread "C1 CompilerThread2" daemon [_thread_blocked, id=6444, stack(0x000000d72f900000,0x000000d72fa00000)]
  0x000002ca36089000 JavaThread "C2 CompilerThread1" daemon [_thread_blocked, id=13548, stack(0x000000d72f800000,0x000000d72f900000)]
  0x000002ca36f8f000 JavaThread "C2 CompilerThread0" daemon [_thread_blocked, id=11284, stack(0x000000d72f700000,0x000000d72f800000)]
  0x000002ca36088800 JavaThread "Attach Listener" daemon [_thread_blocked, id=10468, stack(0x000000d72f200000,0x000000d72f700000)]
  0x000002ca375ed000 JavaThread "Signal Dispatcher" daemon [_thread_blocked, id=15028, stack(0x000000d72ed00000,0x000000d72f200000)]
  0x000002ca35f79800 JavaThread "Finalizer" daemon [_thread_blocked, id=5368, stack(0x000000d72e800000,0x000000d72ed00000)]
  0x000002ca361aa000 JavaThread "Reference Handler" daemon [_thread_blocked, id=7660, stack(0x000000d72e300000,0x000000d72e800000)]
  0x000002ca3af2e000 JavaThread "main" [_thread_blocked, id=7832, stack(0x000000d72bf00000,0x000000d72c000000)]

Other Threads:
  0x000002ca361a9800 VMThread "VM Thread" [stack: 0x000000d72e200000,0x000000d72e300000] [id=12916]
  0x000002ca5a42f800 WatcherThread [stack: 0x000000d730900000,0x000000d730a00000] [id=14608]
  0x000002ca375e4800 GCTaskThread "GC Thread#0" [stack: 0x000000d72d700000,0x000000d72d800000] [id=7656]
  0x000002ca3a7e4800 GCTaskThread "GC Thread#1" [stack: 0x000000d72d800000,0x000000d72d900000] [id=11320]
  0x000002ca3a7e5000 GCTaskThread "GC Thread#2" [stack: 0x000000d72d900000,0x000000d72da00000] [id=7200]
  0x000002ca3ad86000 GCTaskThread "GC Thread#3" [stack: 0x000000d72da00000,0x000000d72db00000] [id=12728]
  0x000002ca35c24800 ConcurrentGCThread "G1 Main Marker" [stack: 0x000000d72e000000,0x000000d72e100000] [id=9428]
  0x000002ca37242800 ConcurrentGCThread "G1 Marker#0" [stack: 0x000000d72e100000,0x000000d72e200000] [id=11448]
  0x000002ca36b52800 ConcurrentGCThread "G1 Refine#0" [stack: 0x000000d72de00000,0x000000d72df00000] [id=4308]
  0x000002ca36b51800 ConcurrentGCThread "G1 Refine#1" [stack: 0x000000d72dd00000,0x000000d72de00000] [id=4292]
  0x000002ca35b14800 ConcurrentGCThread "G1 Refine#2" [stack: 0x000000d72dc00000,0x000000d72dd00000] [id=2300]
  0x000002ca35abc800 ConcurrentGCThread "G1 Refine#3" [stack: 0x000000d72db00000,0x000000d72dc00000] [id=14184]
  0x000002ca37a3c800 ConcurrentGCThread "G1 Young RemSet Sampling" [stack: 0x000000d72df00000,0x000000d72e000000] [id=11364]

Threads with active compile tasks:

VM state:not at safepoint (normal execution)

VM Mutex/Monitor currently owned by a thread: None

Heap address: 0x0000000700000000, size: 3072 MB, Compressed Oops mode: Zero based, Oop shift amount: 3
Narrow klass base: 0x0000000000000000, Narrow klass shift: 3
Compressed class space size: 1073741824 Address: 0x00000007c0000000

Heap:
 garbage-first heap   total 222208K, used 113424K [0x0000000700000000, 0x00000007001006c8, 0x00000007c0000000)
  region size 1024K, 40 young (40960K), 1 survivors (1024K)
 Metaspace       used 79048K, capacity 80578K, committed 86908K, reserved 1124352K
  class space    used 10184K, capacity 10519K, committed 11900K, reserved 1048576K
Heap Regions: E=young(eden), S=young(survivor), O=old, HS=humongous(starts), HC=humongous(continues), CS=collection set, F=free, A=archive, TS=gc time stamp, AC=allocation context, TAMS=top-at-mark-start (previous, next)
|   0|0x0000000700000000, 0x00000007000ebda0, 0x0000000700100000| 92%| O|  |TS  0|AC  0|TAMS 0x0000000700000000, 0x0000000700000000|
|   1|0x0000000700100000, 0x0000000700200000, 0x0000000700200000|100%|HS|  |TS  0|AC  0|TAMS 0x0000000700100000, 0x0000000700100000|
|   2|0x0000000700200000, 0x0000000700300000, 0x0000000700300000|100%|HC|  |TS  0|AC  0|TAMS 0x0000000700200000, 0x0000000700200000|
|   3|0x0000000700300000, 0x0000000700400000, 0x0000000700400000|100%|HS|  |TS  0|AC  0|TAMS 0x0000000700300000, 0x0000000700300000|
|   4|0x0000000700400000, 0x00000007004fffe8, 0x0000000700500000| 99%| O|  |TS  0|AC  0|TAMS 0x0000000700400000, 0x0000000700400000|
|   5|0x0000000700500000, 0x0000000700600000, 0x0000000700600000|100%| O|  |TS  0|AC  0|TAMS 0x0000000700500000, 0x0000000700500000|
|   6|0x0000000700600000, 0x00000007006ffff8, 0x0000000700700000| 99%| O|  |TS  0|AC  0|TAMS 0x0000000700600000, 0x0000000700600000|
|   7|0x0000000700700000, 0x00000007007ffff0, 0x0000000700800000| 99%| O|  |TS  0|AC  0|TAMS 0x0000000700700000, 0x0000000700700000|
|   8|0x0000000700800000, 0x000000070089bee8, 0x0000000700900000| 60%| O|  |TS  0|AC  0|TAMS 0x0000000700800000, 0x0000000700800000|
|   9|0x0000000700900000, 0x00000007009fc740, 0x0000000700a00000| 98%| O|  |TS  0|AC  0|TAMS 0x0000000700900000, 0x0000000700900000|
|  10|0x0000000700a00000, 0x0000000700afe750, 0x0000000700b00000| 99%| O|  |TS  0|AC  0|TAMS 0x0000000700a00000, 0x0000000700a00000|
|  11|0x0000000700b00000, 0x0000000700bf2ac8, 0x0000000700c00000| 94%| O|  |TS  0|AC  0|TAMS 0x0000000700b00000, 0x0000000700b00000|
|  12|0x0000000700c00000, 0x0000000700cfc050, 0x0000000700d00000| 98%| O|  |TS  0|AC  0|TAMS 0x0000000700c00000, 0x0000000700c00000|
|  13|0x0000000700d00000, 0x0000000700df2930, 0x0000000700e00000| 94%| O|  |TS  0|AC  0|TAMS 0x0000000700d00000, 0x0000000700d00000|
|  14|0x0000000700e00000, 0x0000000700f00000, 0x0000000700f00000|100%| O|  |TS  0|AC  0|TAMS 0x0000000700e00000, 0x0000000700e00000|
|  15|0x0000000700f00000, 0x0000000701000000, 0x0000000701000000|100%| O|  |TS  0|AC  0|TAMS 0x0000000700f00000, 0x0000000700f00000|
|  16|0x0000000701000000, 0x0000000701100000, 0x0000000701100000|100%| O|  |TS  0|AC  0|TAMS 0x0000000701000000, 0x0000000701000000|
|  17|0x0000000701100000, 0x00000007011fffe0, 0x0000000701200000| 99%| O|  |TS  0|AC  0|TAMS 0x0000000701100000, 0x0000000701100000|
|  18|0x0000000701200000, 0x00000007012ffff0, 0x0000000701300000| 99%| O|  |TS  0|AC  0|TAMS 0x0000000701200000, 0x0000000701200000|
|  19|0x0000000701300000, 0x0000000701400000, 0x0000000701400000|100%| O|  |TS  0|AC  0|TAMS 0x0000000701300000, 0x0000000701300000|
|  20|0x0000000701400000, 0x00000007014ffff8, 0x0000000701500000| 99%| O|  |TS  0|AC  0|TAMS 0x0000000701400000, 0x0000000701400000|
|  21|0x0000000701500000, 0x0000000701600000, 0x0000000701600000|100%| O|  |TS  0|AC  0|TAMS 0x0000000701500000, 0x0000000701500000|
|  22|0x0000000701600000, 0x0000000701700000, 0x0000000701700000|100%| O|  |TS  0|AC  0|TAMS 0x0000000701600000, 0x0000000701600000|
|  23|0x0000000701700000, 0x00000007017fffe8, 0x0000000701800000| 99%| O|  |TS  0|AC  0|TAMS 0x0000000701700000, 0x0000000701700000|
|  24|0x0000000701800000, 0x00000007018ffff8, 0x0000000701900000| 99%| O|  |TS  0|AC  0|TAMS 0x0000000701800000, 0x0000000701800000|
|  25|0x0000000701900000, 0x00000007019ff7d0, 0x0000000701a00000| 99%| O|  |TS  0|AC  0|TAMS 0x0000000701900000, 0x0000000701900000|
|  26|0x0000000701a00000, 0x0000000701afffe8, 0x0000000701b00000| 99%| O|  |TS  0|AC  0|TAMS 0x0000000701a00000, 0x0000000701a00000|
|  27|0x0000000701b00000, 0x0000000701c00000, 0x0000000701c00000|100%| O|  |TS  0|AC  0|TAMS 0x0000000701b00000, 0x0000000701b00000|
|  28|0x0000000701c00000, 0x0000000701cfff38, 0x0000000701d00000| 99%| O|  |TS  0|AC  0|TAMS 0x0000000701c00000, 0x0000000701c00000|
|  29|0x0000000701d00000, 0x0000000701dffff0, 0x0000000701e00000| 99%| O|  |TS  0|AC  0|TAMS 0x0000000701d00000, 0x0000000701d00000|
|  30|0x0000000701e00000, 0x0000000701ed32a8, 0x0000000701f00000| 82%| O|  |TS  0|AC  0|TAMS 0x0000000701e00000, 0x0000000701e00000|
|  31|0x0000000701f00000, 0x0000000701fffea0, 0x0000000702000000| 99%| O|  |TS  0|AC  0|TAMS 0x0000000701f00000, 0x0000000701f00000|
|  32|0x0000000702000000, 0x00000007020ffff0, 0x0000000702100000| 99%| O|  |TS  0|AC  0|TAMS 0x0000000702000000, 0x0000000702000000|
|  33|0x0000000702100000, 0x00000007021fff38, 0x0000000702200000| 99%| O|  |TS  0|AC  0|TAMS 0x0000000702100000, 0x0000000702100000|
|  34|0x0000000702200000, 0x00000007022fffd8, 0x0000000702300000| 99%| O|  |TS  0|AC  0|TAMS 0x0000000702200000, 0x0000000702200000|
|  35|0x0000000702300000, 0x00000007023ffef0, 0x0000000702400000| 99%| O|  |TS  0|AC  0|TAMS 0x0000000702300000, 0x0000000702300000|
|  36|0x0000000702400000, 0x00000007024ffff8, 0x0000000702500000| 99%| O|  |TS  0|AC  0|TAMS 0x0000000702400000, 0x0000000702400000|
|  37|0x0000000702500000, 0x00000007025e9000, 0x0000000702600000| 91%| O|  |TS  0|AC  0|TAMS 0x0000000702500000, 0x0000000702500000|
|  38|0x0000000702600000, 0x00000007026ffff8, 0x0000000702700000| 99%| O|  |TS  0|AC  0|TAMS 0x0000000702600000, 0x0000000702600000|
|  39|0x0000000702700000, 0x00000007027ffff0, 0x0000000702800000| 99%| O|  |TS  0|AC  0|TAMS 0x0000000702700000, 0x0000000702700000|
|  40|0x0000000702800000, 0x00000007028fffe8, 0x0000000702900000| 99%| O|  |TS  0|AC  0|TAMS 0x0000000702800000, 0x0000000702800000|
|  41|0x0000000702900000, 0x00000007029ffff0, 0x0000000702a00000| 99%| O|  |TS  0|AC  0|TAMS 0x0000000702900000, 0x0000000702900000|
|  42|0x0000000702a00000, 0x0000000702afe3c0, 0x0000000702b00000| 99%| O|  |TS  0|AC  0|TAMS 0x0000000702a00000, 0x0000000702a00000|
|  43|0x0000000702b00000, 0x0000000702c00000, 0x0000000702c00000|100%| O|  |TS  0|AC  0|TAMS 0x0000000702b00000, 0x0000000702b00000|
|  44|0x0000000702c00000, 0x0000000702cfffe0, 0x0000000702d00000| 99%| O|  |TS  0|AC  0|TAMS 0x0000000702c00000, 0x0000000702c00000|
|  45|0x0000000702d00000, 0x0000000702dffef8, 0x0000000702e00000| 99%| O|  |TS  0|AC  0|TAMS 0x0000000702d00000, 0x0000000702d00000|
|  46|0x0000000702e00000, 0x0000000702efffe8, 0x0000000702f00000| 99%| O|  |TS  0|AC  0|TAMS 0x0000000702e00000, 0x0000000702e00000|
|  47|0x0000000702f00000, 0x0000000702fffff0, 0x0000000703000000| 99%| O|  |TS  0|AC  0|TAMS 0x0000000702f00000, 0x0000000702f00000|
|  48|0x0000000703000000, 0x00000007030fffe0, 0x0000000703100000| 99%| O|  |TS  0|AC  0|TAMS 0x0000000703000000, 0x0000000703000000|
|  49|0x0000000703100000, 0x00000007031fffe0, 0x0000000703200000| 99%| O|  |TS  0|AC  0|TAMS 0x0000000703100000, 0x0000000703100000|
|  50|0x0000000703200000, 0x00000007032fffd8, 0x0000000703300000| 99%| O|  |TS  0|AC  0|TAMS 0x0000000703200000, 0x0000000703200000|
|  51|0x0000000703300000, 0x00000007033fffb8, 0x0000000703400000| 99%| O|  |TS  0|AC  0|TAMS 0x0000000703300000, 0x0000000703300000|
|  52|0x0000000703400000, 0x00000007034ffff8, 0x0000000703500000| 99%| O|  |TS  0|AC  0|TAMS 0x0000000703400000, 0x0000000703400000|
|  53|0x0000000703500000, 0x0000000703600000, 0x0000000703600000|100%| O|  |TS  0|AC  0|TAMS 0x0000000703500000, 0x0000000703500000|
|  54|0x0000000703600000, 0x00000007036ffff8, 0x0000000703700000| 99%| O|  |TS  0|AC  0|TAMS 0x0000000703600000, 0x0000000703600000|
|  55|0x0000000703700000, 0x00000007037b93d0, 0x0000000703800000| 72%| O|  |TS  0|AC  0|TAMS 0x0000000703700000, 0x0000000703700000|
|  56|0x0000000703800000, 0x0000000703800000, 0x0000000703900000|  0%| F|  |TS  0|AC  0|TAMS 0x0000000703800000, 0x0000000703800000|
|  57|0x0000000703900000, 0x0000000703900000, 0x0000000703a00000|  0%| F|  |TS  0|AC  0|TAMS 0x0000000703900000, 0x0000000703900000|
|  58|0x0000000703a00000, 0x0000000703a00000, 0x0000000703b00000|  0%| F|  |TS  0|AC  0|TAMS 0x0000000703a00000, 0x0000000703a00000|
|  59|0x0000000703b00000, 0x0000000703b00000, 0x0000000703c00000|  0%| F|  |TS  0|AC  0|TAMS 0x0000000703b00000, 0x0000000703b00000|
|  60|0x0000000703c00000, 0x0000000703c00000, 0x0000000703d00000|  0%| F|  |TS  0|AC  0|TAMS 0x0000000703c00000, 0x0000000703c00000|
|  61|0x0000000703d00000, 0x0000000703d00000, 0x0000000703e00000|  0%| F|  |TS  0|AC  0|TAMS 0x0000000703d00000, 0x0000000703d00000|
|  62|0x0000000703e00000, 0x0000000703f00000, 0x0000000703f00000|100%|HS|  |TS  0|AC  0|TAMS 0x0000000703e00000, 0x0000000703e00000|
|  63|0x0000000703f00000, 0x0000000704000000, 0x0000000704000000|100%|HC|  |TS  0|AC  0|TAMS 0x0000000703f00000, 0x0000000703f00000|
|  64|0x0000000704000000, 0x0000000704100000, 0x0000000704100000|100%|HC|  |TS  0|AC  0|TAMS 0x0000000704000000, 0x0000000704000000|
|  65|0x0000000704100000, 0x0000000704200000, 0x0000000704200000|100%|HC|  |TS  0|AC  0|TAMS 0x0000000704100000, 0x0000000704100000|
|  66|0x0000000704200000, 0x0000000704300000, 0x0000000704300000|100%|HC|  |TS  0|AC  0|TAMS 0x0000000704200000, 0x0000000704200000|
|  67|0x0000000704300000, 0x0000000704400000, 0x0000000704400000|100%|HC|  |TS  0|AC  0|TAMS 0x0000000704300000, 0x0000000704300000|
|  68|0x0000000704400000, 0x0000000704400000, 0x0000000704500000|  0%| F|  |TS  0|AC  0|TAMS 0x0000000704400000, 0x0000000704400000|
|  69|0x0000000704500000, 0x0000000704500000, 0x0000000704600000|  0%| F|  |TS  0|AC  0|TAMS 0x0000000704500000, 0x0000000704500000|
|  70|0x0000000704600000, 0x0000000704600000, 0x0000000704700000|  0%| F|  |TS  0|AC  0|TAMS 0x0000000704600000, 0x0000000704600000|
|  71|0x0000000704700000, 0x0000000704800000, 0x0000000704800000|100%|HS|  |TS  0|AC  0|TAMS 0x0000000704700000, 0x0000000704700000|
|  72|0x0000000704800000, 0x0000000704900000, 0x0000000704900000|100%|HC|  |TS  0|AC  0|TAMS 0x0000000704800000, 0x0000000704800000|
|  73|0x0000000704900000, 0x0000000704a00000, 0x0000000704a00000|100%|HC|  |TS  0|AC  0|TAMS 0x0000000704900000, 0x0000000704900000|
|  74|0x0000000704a00000, 0x0000000704b00000, 0x0000000704b00000|100%|HC|  |TS  0|AC  0|TAMS 0x0000000704a00000, 0x0000000704a00000|
|  75|0x0000000704b00000, 0x0000000704c00000, 0x0000000704c00000|100%|HC|  |TS  0|AC  0|TAMS 0x0000000704b00000, 0x0000000704b00000|
|  76|0x0000000704c00000, 0x0000000704d00000, 0x0000000704d00000|100%|HC|  |TS  0|AC  0|TAMS 0x0000000704c00000, 0x0000000704c00000|
|  77|0x0000000704d00000, 0x0000000704e00000, 0x0000000704e00000|100%|HC|  |TS  0|AC  0|TAMS 0x0000000704d00000, 0x0000000704d00000|
|  78|0x0000000704e00000, 0x0000000704f00000, 0x0000000704f00000|100%|HC|  |TS  0|AC  0|TAMS 0x0000000704e00000, 0x0000000704e00000|
|  79|0x0000000704f00000, 0x0000000705000000, 0x0000000705000000|100%|HS|  |TS  0|AC  0|TAMS 0x0000000704f00000, 0x0000000704f00000|
|  80|0x0000000705000000, 0x0000000705100000, 0x0000000705100000|100%|HC|  |TS  0|AC  0|TAMS 0x0000000705000000, 0x0000000705000000|
|  81|0x0000000705100000, 0x0000000705200000, 0x0000000705200000|100%|HC|  |TS  0|AC  0|TAMS 0x0000000705100000, 0x0000000705100000|
|  82|0x0000000705200000, 0x0000000705200000, 0x0000000705300000|  0%| F|  |TS  0|AC  0|TAMS 0x0000000705200000, 0x0000000705200000|
|  83|0x0000000705300000, 0x0000000705300000, 0x0000000705400000|  0%| F|  |TS  0|AC  0|TAMS 0x0000000705300000, 0x0000000705300000|
|  84|0x0000000705400000, 0x0000000705400000, 0x0000000705500000|  0%| F|  |TS  0|AC  0|TAMS 0x0000000705400000, 0x0000000705400000|
|  85|0x0000000705500000, 0x0000000705500000, 0x0000000705600000|  0%| F|  |TS  0|AC  0|TAMS 0x0000000705500000, 0x0000000705500000|
|  86|0x0000000705600000, 0x0000000705600000, 0x0000000705700000|  0%| F|  |TS  0|AC  0|TAMS 0x0000000705600000, 0x0000000705600000|
|  87|0x0000000705700000, 0x0000000705700000, 0x0000000705800000|  0%| F|  |TS  0|AC  0|TAMS 0x0000000705700000, 0x0000000705700000|
|  88|0x0000000705800000, 0x0000000705800000, 0x0000000705900000|  0%| F|  |TS  0|AC  0|TAMS 0x0000000705800000, 0x0000000705800000|
|  89|0x0000000705900000, 0x0000000705900000, 0x0000000705a00000|  0%| F|  |TS  0|AC  0|TAMS 0x0000000705900000, 0x0000000705900000|
|  90|0x0000000705a00000, 0x0000000705a00000, 0x0000000705b00000|  0%| F|  |TS  0|AC  0|TAMS 0x0000000705a00000, 0x0000000705a00000|
|  91|0x0000000705b00000, 0x0000000705b00000, 0x0000000705c00000|  0%| F|  |TS  0|AC  0|TAMS 0x0000000705b00000, 0x0000000705b00000|
|  92|0x0000000705c00000, 0x0000000705c00000, 0x0000000705d00000|  0%| F|  |TS  0|AC  0|TAMS 0x0000000705c00000, 0x0000000705c00000|
|  93|0x0000000705d00000, 0x0000000705d00000, 0x0000000705e00000|  0%| F|  |TS  0|AC  0|TAMS 0x0000000705d00000, 0x0000000705d00000|
|  94|0x0000000705e00000, 0x0000000705e00000, 0x0000000705f00000|  0%| F|  |TS  0|AC  0|TAMS 0x0000000705e00000, 0x0000000705e00000|
|  95|0x0000000705f00000, 0x0000000705f00000, 0x0000000706000000|  0%| F|  |TS  0|AC  0|TAMS 0x0000000705f00000, 0x0000000705f00000|
|  96|0x0000000706000000, 0x0000000706000000, 0x0000000706100000|  0%| F|  |TS  0|AC  0|TAMS 0x0000000706000000, 0x0000000706000000|
|  97|0x0000000706100000, 0x0000000706100000, 0x0000000706200000|  0%| F|  |TS  0|AC  0|TAMS 0x0000000706100000, 0x0000000706100000|
|  98|0x0000000706200000, 0x0000000706200000, 0x0000000706300000|  0%| F|  |TS  0|AC  0|TAMS 0x0000000706200000, 0x0000000706200000|
|  99|0x0000000706300000, 0x0000000706300000, 0x0000000706400000|  0%| F|  |TS  0|AC  0|TAMS 0x0000000706300000, 0x0000000706300000|
| 100|0x0000000706400000, 0x0000000706400000, 0x0000000706500000|  0%| F|  |TS  0|AC  0|TAMS 0x0000000706400000, 0x0000000706400000|
| 101|0x0000000706500000, 0x0000000706500000, 0x0000000706600000|  0%| F|  |TS  0|AC  0|TAMS 0x0000000706500000, 0x0000000706500000|
| 102|0x0000000706600000, 0x0000000706600000, 0x0000000706700000|  0%| F|  |TS  0|AC  0|TAMS 0x0000000706600000, 0x0000000706600000|
| 103|0x0000000706700000, 0x0000000706700000, 0x0000000706800000|  0%| F|  |TS  0|AC  0|TAMS 0x0000000706700000, 0x0000000706700000|
| 104|0x0000000706800000, 0x0000000706800000, 0x0000000706900000|  0%| F|  |TS  0|AC  0|TAMS 0x0000000706800000, 0x0000000706800000|
| 105|0x0000000706900000, 0x0000000706900000, 0x0000000706a00000|  0%| F|  |TS  0|AC  0|TAMS 0x0000000706900000, 0x0000000706900000|
| 106|0x0000000706a00000, 0x0000000706a00000, 0x0000000706b00000|  0%| F|  |TS  0|AC  0|TAMS 0x0000000706a00000, 0x0000000706a00000|
| 107|0x0000000706b00000, 0x0000000706b00000, 0x0000000706c00000|  0%| F|  |TS  0|AC  0|TAMS 0x0000000706b00000, 0x0000000706b00000|
| 108|0x0000000706c00000, 0x0000000706c00000, 0x0000000706d00000|  0%| F|  |TS  0|AC  0|TAMS 0x0000000706c00000, 0x0000000706c00000|
| 109|0x0000000706d00000, 0x0000000706d00000, 0x0000000706e00000|  0%| F|  |TS  0|AC  0|TAMS 0x0000000706d00000, 0x0000000706d00000|
| 110|0x0000000706e00000, 0x0000000706e00000, 0x0000000706f00000|  0%| F|  |TS  0|AC  0|TAMS 0x0000000706e00000, 0x0000000706e00000|
| 111|0x0000000706f00000, 0x0000000706f00000, 0x0000000707000000|  0%| F|  |TS  0|AC  0|TAMS 0x0000000706f00000, 0x0000000706f00000|
| 112|0x0000000707000000, 0x0000000707000000, 0x0000000707100000|  0%| F|  |TS  0|AC  0|TAMS 0x0000000707000000, 0x0000000707000000|
| 113|0x0000000707100000, 0x0000000707100000, 0x0000000707200000|  0%| F|  |TS  0|AC  0|TAMS 0x0000000707100000, 0x0000000707100000|
| 114|0x0000000707200000, 0x0000000707200000, 0x0000000707300000|  0%| F|  |TS  0|AC  0|TAMS 0x0000000707200000, 0x0000000707200000|
| 115|0x0000000707300000, 0x0000000707300000, 0x0000000707400000|  0%| F|  |TS  0|AC  0|TAMS 0x0000000707300000, 0x0000000707300000|
| 116|0x0000000707400000, 0x0000000707400000, 0x0000000707500000|  0%| F|  |TS  0|AC  0|TAMS 0x0000000707400000, 0x0000000707400000|
| 117|0x0000000707500000, 0x0000000707500000, 0x0000000707600000|  0%| F|  |TS  0|AC  0|TAMS 0x0000000707500000, 0x0000000707500000|
| 118|0x0000000707600000, 0x0000000707600000, 0x0000000707700000|  0%| F|  |TS  0|AC  0|TAMS 0x0000000707600000, 0x0000000707600000|
| 119|0x0000000707700000, 0x0000000707700000, 0x0000000707800000|  0%| F|  |TS  0|AC  0|TAMS 0x0000000707700000, 0x0000000707700000|
| 120|0x0000000707800000, 0x0000000707800000, 0x0000000707900000|  0%| F|  |TS  0|AC  0|TAMS 0x0000000707800000, 0x0000000707800000|
| 121|0x0000000707900000, 0x0000000707900000, 0x0000000707a00000|  0%| F|  |TS  0|AC  0|TAMS 0x0000000707900000, 0x0000000707900000|
| 122|0x0000000707a00000, 0x0000000707a00000, 0x0000000707b00000|  0%| F|  |TS  0|AC  0|TAMS 0x0000000707a00000, 0x0000000707a00000|
| 123|0x0000000707b00000, 0x0000000707b00000, 0x0000000707c00000|  0%| F|  |TS  0|AC  0|TAMS 0x0000000707b00000, 0x0000000707b00000|
| 124|0x0000000707c00000, 0x0000000707c00000, 0x0000000707d00000|  0%| F|  |TS  0|AC  0|TAMS 0x0000000707c00000, 0x0000000707c00000|
| 125|0x0000000707d00000, 0x0000000707d00000, 0x0000000707e00000|  0%| F|  |TS  0|AC  0|TAMS 0x0000000707d00000, 0x0000000707d00000|
| 126|0x0000000707e00000, 0x0000000707e00000, 0x0000000707f00000|  0%| F|  |TS  0|AC  0|TAMS 0x0000000707e00000, 0x0000000707e00000|
| 127|0x0000000707f00000, 0x0000000707f00000, 0x0000000708000000|  0%| F|  |TS  0|AC  0|TAMS 0x0000000707f00000, 0x0000000707f00000|
| 128|0x0000000708000000, 0x0000000708000000, 0x0000000708100000|  0%| F|  |TS  0|AC  0|TAMS 0x0000000708000000, 0x0000000708000000|
| 129|0x0000000708100000, 0x0000000708100000, 0x0000000708200000|  0%| F|  |TS  0|AC  0|TAMS 0x0000000708100000, 0x0000000708100000|
| 130|0x0000000708200000, 0x0000000708200000, 0x0000000708300000|  0%| F|  |TS  0|AC  0|TAMS 0x0000000708200000, 0x0000000708200000|
| 131|0x0000000708300000, 0x0000000708300000, 0x0000000708400000|  0%| F|  |TS  0|AC  0|TAMS 0x0000000708300000, 0x0000000708300000|
| 132|0x0000000708400000, 0x0000000708400000, 0x0000000708500000|  0%| F|  |TS  0|AC  0|TAMS 0x0000000708400000, 0x0000000708400000|
| 133|0x0000000708500000, 0x0000000708500000, 0x0000000708600000|  0%| F|  |TS  0|AC  0|TAMS 0x0000000708500000, 0x0000000708500000|
| 134|0x0000000708600000, 0x0000000708600000, 0x0000000708700000|  0%| F|  |TS  0|AC  0|TAMS 0x0000000708600000, 0x0000000708600000|
| 135|0x0000000708700000, 0x0000000708700000, 0x0000000708800000|  0%| F|  |TS  0|AC  0|TAMS 0x0000000708700000, 0x0000000708700000|
| 136|0x0000000708800000, 0x0000000708800000, 0x0000000708900000|  0%| F|  |TS  0|AC  0|TAMS 0x0000000708800000, 0x0000000708800000|
| 137|0x0000000708900000, 0x0000000708900000, 0x0000000708a00000|  0%| F|  |TS  0|AC  0|TAMS 0x0000000708900000, 0x0000000708900000|
| 138|0x0000000708a00000, 0x0000000708a00000, 0x0000000708b00000|  0%| F|  |TS  0|AC  0|TAMS 0x0000000708a00000, 0x0000000708a00000|
| 139|0x0000000708b00000, 0x0000000708b00000, 0x0000000708c00000|  0%| F|  |TS  0|AC  0|TAMS 0x0000000708b00000, 0x0000000708b00000|
| 140|0x0000000708c00000, 0x0000000708c00000, 0x0000000708d00000|  0%| F|  |TS  0|AC  0|TAMS 0x0000000708c00000, 0x0000000708c00000|
| 141|0x0000000708d00000, 0x0000000708d00000, 0x0000000708e00000|  0%| F|  |TS  0|AC  0|TAMS 0x0000000708d00000, 0x0000000708d00000|
| 142|0x0000000708e00000, 0x0000000708e00000, 0x0000000708f00000|  0%| F|  |TS  0|AC  0|TAMS 0x0000000708e00000, 0x0000000708e00000|
| 143|0x0000000708f00000, 0x0000000708f00000, 0x0000000709000000|  0%| F|  |TS  0|AC  0|TAMS 0x0000000708f00000, 0x0000000708f00000|
| 144|0x0000000709000000, 0x0000000709000000, 0x0000000709100000|  0%| F|  |TS  0|AC  0|TAMS 0x0000000709000000, 0x0000000709000000|
| 145|0x0000000709100000, 0x0000000709100000, 0x0000000709200000|  0%| F|  |TS  0|AC  0|TAMS 0x0000000709100000, 0x0000000709100000|
| 146|0x0000000709200000, 0x0000000709200000, 0x0000000709300000|  0%| F|  |TS  0|AC  0|TAMS 0x0000000709200000, 0x0000000709200000|
| 147|0x0000000709300000, 0x0000000709300000, 0x0000000709400000|  0%| F|  |TS  0|AC  0|TAMS 0x0000000709300000, 0x0000000709300000|
| 148|0x0000000709400000, 0x0000000709400000, 0x0000000709500000|  0%| F|  |TS  0|AC  0|TAMS 0x0000000709400000, 0x0000000709400000|
| 149|0x0000000709500000, 0x0000000709500000, 0x0000000709600000|  0%| F|  |TS  0|AC  0|TAMS 0x0000000709500000, 0x0000000709500000|
| 150|0x0000000709600000, 0x0000000709600000, 0x0000000709700000|  0%| F|  |TS  0|AC  0|TAMS 0x0000000709600000, 0x0000000709600000|
| 151|0x0000000709700000, 0x0000000709700000, 0x0000000709800000|  0%| F|  |TS  0|AC  0|TAMS 0x0000000709700000, 0x0000000709700000|
| 152|0x0000000709800000, 0x0000000709800000, 0x0000000709900000|  0%| F|  |TS  0|AC  0|TAMS 0x0000000709800000, 0x0000000709800000|
| 153|0x0000000709900000, 0x0000000709900000, 0x0000000709a00000|  0%| F|  |TS  0|AC  0|TAMS 0x0000000709900000, 0x0000000709900000|
| 154|0x0000000709a00000, 0x0000000709a00000, 0x0000000709b00000|  0%| F|  |TS  0|AC  0|TAMS 0x0000000709a00000, 0x0000000709a00000|
| 155|0x0000000709b00000, 0x0000000709b00000, 0x0000000709c00000|  0%| F|  |TS  5|AC  0|TAMS 0x0000000709b00000, 0x0000000709b00000|
| 156|0x0000000709c00000, 0x0000000709c00000, 0x0000000709d00000|  0%| F|  |TS  5|AC  0|TAMS 0x0000000709c00000, 0x0000000709c00000|
| 157|0x0000000709d00000, 0x0000000709d00000, 0x0000000709e00000|  0%| F|  |TS  3|AC  0|TAMS 0x0000000709d00000, 0x0000000709d00000|
| 158|0x0000000709e00000, 0x0000000709eed968, 0x0000000709f00000| 92%| S|CS|TS  5|AC  0|TAMS 0x0000000709e00000, 0x0000000709e00000|
| 159|0x0000000709f00000, 0x0000000709f00000, 0x000000070a000000|  0%| F|  |TS  5|AC  0|TAMS 0x0000000709f00000, 0x0000000709f00000|
| 160|0x000000070a000000, 0x000000070a000000, 0x000000070a100000|  0%| F|  |TS  5|AC  0|TAMS 0x000000070a000000, 0x000000070a000000|
| 161|0x000000070a100000, 0x000000070a100000, 0x000000070a200000|  0%| F|  |TS  5|AC  0|TAMS 0x000000070a100000, 0x000000070a100000|
| 162|0x000000070a200000, 0x000000070a200000, 0x000000070a300000|  0%| F|  |TS  5|AC  0|TAMS 0x000000070a200000, 0x000000070a200000|
| 163|0x000000070a300000, 0x000000070a300000, 0x000000070a400000|  0%| F|  |TS  5|AC  0|TAMS 0x000000070a300000, 0x000000070a300000|
| 164|0x000000070a400000, 0x000000070a400000, 0x000000070a500000|  0%| F|  |TS  5|AC  0|TAMS 0x000000070a400000, 0x000000070a400000|
| 165|0x000000070a500000, 0x000000070a500000, 0x000000070a600000|  0%| F|  |TS  5|AC  0|TAMS 0x000000070a500000, 0x000000070a500000|
| 166|0x000000070a600000, 0x000000070a600000, 0x000000070a700000|  0%| F|  |TS  5|AC  0|TAMS 0x000000070a600000, 0x000000070a600000|
| 167|0x000000070a700000, 0x000000070a700000, 0x000000070a800000|  0%| F|  |TS  5|AC  0|TAMS 0x000000070a700000, 0x000000070a700000|
| 168|0x000000070a800000, 0x000000070a800000, 0x000000070a900000|  0%| F|  |TS  5|AC  0|TAMS 0x000000070a800000, 0x000000070a800000|
| 169|0x000000070a900000, 0x000000070a900000, 0x000000070aa00000|  0%| F|  |TS  5|AC  0|TAMS 0x000000070a900000, 0x000000070a900000|
| 170|0x000000070aa00000, 0x000000070aa00000, 0x000000070ab00000|  0%| F|  |TS  5|AC  0|TAMS 0x000000070aa00000, 0x000000070aa00000|
| 171|0x000000070ab00000, 0x000000070ab00000, 0x000000070ac00000|  0%| F|  |TS  5|AC  0|TAMS 0x000000070ab00000, 0x000000070ab00000|
| 172|0x000000070ac00000, 0x000000070ac00000, 0x000000070ad00000|  0%| F|  |TS  5|AC  0|TAMS 0x000000070ac00000, 0x000000070ac00000|
| 173|0x000000070ad00000, 0x000000070ad00000, 0x000000070ae00000|  0%| F|  |TS  5|AC  0|TAMS 0x000000070ad00000, 0x000000070ad00000|
| 174|0x000000070ae00000, 0x000000070ae00000, 0x000000070af00000|  0%| F|  |TS  5|AC  0|TAMS 0x000000070ae00000, 0x000000070ae00000|
| 175|0x000000070af00000, 0x000000070af00000, 0x000000070b000000|  0%| F|  |TS  5|AC  0|TAMS 0x000000070af00000, 0x000000070af00000|
| 176|0x000000070b000000, 0x000000070b000000, 0x000000070b100000|  0%| F|  |TS  5|AC  0|TAMS 0x000000070b000000, 0x000000070b000000|
| 177|0x000000070b100000, 0x000000070b100000, 0x000000070b200000|  0%| F|  |TS  5|AC  0|TAMS 0x000000070b100000, 0x000000070b100000|
| 178|0x000000070b200000, 0x000000070b216de0, 0x000000070b300000|  8%| E|  |TS  5|AC  0|TAMS 0x000000070b200000, 0x000000070b200000|
| 179|0x000000070b300000, 0x000000070b400000, 0x000000070b400000|100%| E|CS|TS  5|AC  0|TAMS 0x000000070b300000, 0x000000070b300000|
| 180|0x000000070b400000, 0x000000070b500000, 0x000000070b500000|100%| E|CS|TS  5|AC  0|TAMS 0x000000070b400000, 0x000000070b400000|
| 181|0x000000070b500000, 0x000000070b600000, 0x000000070b600000|100%| E|CS|TS  5|AC  0|TAMS 0x000000070b500000, 0x000000070b500000|
| 182|0x000000070b600000, 0x000000070b700000, 0x000000070b700000|100%| E|CS|TS  5|AC  0|TAMS 0x000000070b600000, 0x000000070b600000|
| 183|0x000000070b700000, 0x000000070b800000, 0x000000070b800000|100%| E|CS|TS  5|AC  0|TAMS 0x000000070b700000, 0x000000070b700000|
| 184|0x000000070b800000, 0x000000070b900000, 0x000000070b900000|100%| E|CS|TS  5|AC  0|TAMS 0x000000070b800000, 0x000000070b800000|
| 185|0x000000070b900000, 0x000000070ba00000, 0x000000070ba00000|100%| E|CS|TS  5|AC  0|TAMS 0x000000070b900000, 0x000000070b900000|
| 186|0x000000070ba00000, 0x000000070bb00000, 0x000000070bb00000|100%| E|CS|TS  5|AC  0|TAMS 0x000000070ba00000, 0x000000070ba00000|
| 187|0x000000070bb00000, 0x000000070bc00000, 0x000000070bc00000|100%| E|CS|TS  5|AC  0|TAMS 0x000000070bb00000, 0x000000070bb00000|
| 188|0x000000070bc00000, 0x000000070bd00000, 0x000000070bd00000|100%| E|CS|TS  5|AC  0|TAMS 0x000000070bc00000, 0x000000070bc00000|
| 189|0x000000070bd00000, 0x000000070be00000, 0x000000070be00000|100%| E|CS|TS  5|AC  0|TAMS 0x000000070bd00000, 0x000000070bd00000|
| 190|0x000000070be00000, 0x000000070bf00000, 0x000000070bf00000|100%| E|CS|TS  5|AC  0|TAMS 0x000000070be00000, 0x000000070be00000|
| 191|0x000000070bf00000, 0x000000070c000000, 0x000000070c000000|100%| E|CS|TS  5|AC  0|TAMS 0x000000070bf00000, 0x000000070bf00000|
| 192|0x000000070c000000, 0x000000070c100000, 0x000000070c100000|100%| E|CS|TS  5|AC  0|TAMS 0x000000070c000000, 0x000000070c000000|
| 193|0x000000070c100000, 0x000000070c200000, 0x000000070c200000|100%| E|CS|TS  5|AC  0|TAMS 0x000000070c100000, 0x000000070c100000|
| 194|0x000000070c200000, 0x000000070c300000, 0x000000070c300000|100%| E|CS|TS  5|AC  0|TAMS 0x000000070c200000, 0x000000070c200000|
| 195|0x000000070c300000, 0x000000070c400000, 0x000000070c400000|100%| E|CS|TS  5|AC  0|TAMS 0x000000070c300000, 0x000000070c300000|
| 196|0x000000070c400000, 0x000000070c500000, 0x000000070c500000|100%| E|CS|TS  5|AC  0|TAMS 0x000000070c400000, 0x000000070c400000|
| 197|0x000000070c500000, 0x000000070c600000, 0x000000070c600000|100%| E|CS|TS  5|AC  0|TAMS 0x000000070c500000, 0x000000070c500000|
| 198|0x000000070c600000, 0x000000070c700000, 0x000000070c700000|100%| E|CS|TS  5|AC  0|TAMS 0x000000070c600000, 0x000000070c600000|
| 199|0x000000070c700000, 0x000000070c800000, 0x000000070c800000|100%| E|CS|TS  5|AC  0|TAMS 0x000000070c700000, 0x000000070c700000|
| 200|0x000000070c800000, 0x000000070c900000, 0x000000070c900000|100%| E|CS|TS  5|AC  0|TAMS 0x000000070c800000, 0x000000070c800000|
| 201|0x000000070c900000, 0x000000070ca00000, 0x000000070ca00000|100%| E|CS|TS  5|AC  0|TAMS 0x000000070c900000, 0x000000070c900000|
| 202|0x000000070ca00000, 0x000000070cb00000, 0x000000070cb00000|100%| E|CS|TS  5|AC  0|TAMS 0x000000070ca00000, 0x000000070ca00000|
| 203|0x000000070cb00000, 0x000000070cc00000, 0x000000070cc00000|100%| E|CS|TS  5|AC  0|TAMS 0x000000070cb00000, 0x000000070cb00000|
| 204|0x000000070cc00000, 0x000000070cd00000, 0x000000070cd00000|100%| E|CS|TS  5|AC  0|TAMS 0x000000070cc00000, 0x000000070cc00000|
| 205|0x000000070cd00000, 0x000000070ce00000, 0x000000070ce00000|100%| E|CS|TS  5|AC  0|TAMS 0x000000070cd00000, 0x000000070cd00000|
| 206|0x000000070ce00000, 0x000000070cf00000, 0x000000070cf00000|100%| E|CS|TS  5|AC  0|TAMS 0x000000070ce00000, 0x000000070ce00000|
| 207|0x000000070cf00000, 0x000000070d000000, 0x000000070d000000|100%| E|CS|TS  5|AC  0|TAMS 0x000000070cf00000, 0x000000070cf00000|
| 208|0x000000070d000000, 0x000000070d100000, 0x000000070d100000|100%| E|CS|TS  5|AC  0|TAMS 0x000000070d000000, 0x000000070d000000|
| 209|0x000000070d100000, 0x000000070d200000, 0x000000070d200000|100%| E|CS|TS  5|AC  0|TAMS 0x000000070d100000, 0x000000070d100000|
| 210|0x000000070d200000, 0x000000070d300000, 0x000000070d300000|100%| E|CS|TS  5|AC  0|TAMS 0x000000070d200000, 0x000000070d200000|
| 211|0x000000070d300000, 0x000000070d400000, 0x000000070d400000|100%| E|CS|TS  5|AC  0|TAMS 0x000000070d300000, 0x000000070d300000|
| 212|0x000000070d400000, 0x000000070d500000, 0x000000070d500000|100%| E|CS|TS  5|AC  0|TAMS 0x000000070d400000, 0x000000070d400000|
| 213|0x000000070d500000, 0x000000070d600000, 0x000000070d600000|100%| E|CS|TS  5|AC  0|TAMS 0x000000070d500000, 0x000000070d500000|
| 214|0x000000070d600000, 0x000000070d700000, 0x000000070d700000|100%| E|CS|TS  5|AC  0|TAMS 0x000000070d600000, 0x000000070d600000|
| 215|0x000000070d700000, 0x000000070d800000, 0x000000070d800000|100%| E|CS|TS  5|AC  0|TAMS 0x000000070d700000, 0x000000070d700000|
| 216|0x000000070d800000, 0x000000070d900000, 0x000000070d900000|100%| E|CS|TS  5|AC  0|TAMS 0x000000070d800000, 0x000000070d800000|

Card table byte_map: [0x000002ca39e80000,0x000002ca3a480000] byte_map_base: 0x000002ca36680000

Marking Bits (Prev, Next): (CMBitMap*) 0x000002ca37a3d588, (CMBitMap*) 0x000002ca37a3d550
 Prev Bits: [0x000002ca54700000, 0x000002ca57700000)
 Next Bits: [0x000002ca51700000, 0x000002ca54700000)

Polling page: 0x000002ca319b0000

CodeHeap 'non-profiled nmethods': size=120064Kb used=20737Kb max_used=20737Kb free=99326Kb
 bounds [0x000002ca49bc0000, 0x000002ca4b010000, 0x000002ca51100000]
CodeHeap 'profiled nmethods': size=120000Kb used=39694Kb max_used=40445Kb free=80305Kb
 bounds [0x000002ca42690000, 0x000002ca44ec0000, 0x000002ca49bc0000]
CodeHeap 'non-nmethods': size=5696Kb used=1753Kb max_used=1799Kb free=3942Kb
 bounds [0x000002ca42100000, 0x000002ca42370000, 0x000002ca42690000]
 total_blobs=33188 nmethods=16834 adapters=1066
 compilation: enabled

Compilation events (10 events):
Event: 8130.241 Thread 0x000002ca36cab000 22882   !   3       com.jidesoft.grid.TreeTableModel::removeRow (68 bytes)
Event: 8130.241 Thread 0x000002ca36cab000 nmethod 22882 0x000002ca4472bf90 code [0x000002ca4472c1a0, 0x000002ca4472c8e0]
Event: 8130.941 Thread 0x000002ca36cab000 22883       3       java.awt.ModalEventFilter$ApplicationModalEventFilter::acceptWindow (57 bytes)
Event: 8130.942 Thread 0x000002ca36cab000 nmethod 22883 0x000002ca446c3410 code [0x000002ca446c3600, 0x000002ca446c3c90]
Event: 8131.589 Thread 0x000002ca36cab000 22884       3       ui.utils.o.B::paintComponent (6 bytes)
Event: 8131.589 Thread 0x000002ca36cab000 nmethod 22884 0x000002ca44348d10 code [0x000002ca44348ec0, 0x000002ca44349050]
Event: 8131.612 Thread 0x000002ca36cab000 22885  s    3       java.awt.DefaultKeyboardFocusManager::enqueueKeyEvents (123 bytes)
Event: 8131.613 Thread 0x000002ca36cab000 nmethod 22885 0x000002ca448a6810 code [0x000002ca448a6b60, 0x000002ca448a8140]
Event: 8131.613 Thread 0x000002ca36cab000 22886       3       java.awt.DefaultKeyboardFocusManager$TypeAheadMarker::<init> (15 bytes)
Event: 8131.614 Thread 0x000002ca36cab000 nmethod 22886 0x000002ca44349790 code [0x000002ca44349940, 0x000002ca44349b58]

GC Heap History (10 events):
Event: 8116.628 GC heap before
{Heap before GC invocations=333 (full 55):
 garbage-first heap   total 222208K, used 82790K [0x0000000700000000, 0x00000007001006c8, 0x00000007c0000000)
  region size 1024K, 10 young (10240K), 0 survivors (0K)
 Metaspace       used 79033K, capacity 80450K, committed 86908K, reserved 1124352K
  class space    used 10184K, capacity 10519K, committed 11900K, reserved 1048576K
}
Event: 8116.630 GC heap after
{Heap after GC invocations=334 (full 55):
 garbage-first heap   total 222208K, used 74136K [0x0000000700000000, 0x00000007001006c8, 0x00000007c0000000)
  region size 1024K, 1 young (1024K), 1 survivors (1024K)
 Metaspace       used 79033K, capacity 80450K, committed 86908K, reserved 1124352K
  class space    used 10184K, capacity 10519K, committed 11900K, reserved 1048576K
}
Event: 8117.394 GC heap before
{Heap before GC invocations=334 (full 55):
 garbage-first heap   total 222208K, used 82328K [0x0000000700000000, 0x00000007001006c8, 0x00000007c0000000)
  region size 1024K, 10 young (10240K), 1 survivors (1024K)
 Metaspace       used 79033K, capacity 80450K, committed 86908K, reserved 1124352K
  class space    used 10184K, capacity 10519K, committed 11900K, reserved 1048576K
}
Event: 8117.564 GC heap after
{Heap after GC invocations=335 (full 56):
 garbage-first heap   total 222208K, used 73562K [0x0000000700000000, 0x00000007001006c8, 0x00000007c0000000)
  region size 1024K, 0 young (0K), 0 survivors (0K)
 Metaspace       used 79033K, capacity 80450K, committed 86908K, reserved 1124352K
  class space    used 10184K, capacity 10519K, committed 11900K, reserved 1048576K
}
Event: 8118.049 GC heap before
{Heap before GC invocations=335 (full 56):
 garbage-first heap   total 222208K, used 77658K [0x0000000700000000, 0x00000007001006c8, 0x00000007c0000000)
  region size 1024K, 5 young (5120K), 0 survivors (0K)
 Metaspace       used 79033K, capacity 80450K, committed 86908K, reserved 1124352K
  class space    used 10184K, capacity 10519K, committed 11900K, reserved 1048576K
}
Event: 8118.051 GC heap after
{Heap after GC invocations=336 (full 56):
 garbage-first heap   total 222208K, used 73858K [0x0000000700000000, 0x00000007001006c8, 0x00000007c0000000)
  region size 1024K, 1 young (1024K), 1 survivors (1024K)
 Metaspace       used 79033K, capacity 80450K, committed 86908K, reserved 1124352K
  class space    used 10184K, capacity 10519K, committed 11900K, reserved 1048576K
}
Event: 8128.948 GC heap before
{Heap before GC invocations=336 (full 56):
 garbage-first heap   total 222208K, used 134274K [0x0000000700000000, 0x00000007001006c8, 0x00000007c0000000)
  region size 1024K, 60 young (61440K), 1 survivors (1024K)
 Metaspace       used 79042K, capacity 80514K, committed 86908K, reserved 1124352K
  class space    used 10184K, capacity 10519K, committed 11900K, reserved 1048576K
}
Event: 8128.952 GC heap after
{Heap after GC invocations=337 (full 56):
 garbage-first heap   total 222208K, used 75066K [0x0000000700000000, 0x00000007001006c8, 0x00000007c0000000)
  region size 1024K, 2 young (2048K), 2 survivors (2048K)
 Metaspace       used 79042K, capacity 80514K, committed 86908K, reserved 1124352K
  class space    used 10184K, capacity 10519K, committed 11900K, reserved 1048576K
}
Event: 8129.138 GC heap before
{Heap before GC invocations=337 (full 56):
 garbage-first heap   total 222208K, used 134458K [0x0000000700000000, 0x00000007001006c8, 0x00000007c0000000)
  region size 1024K, 60 young (61440K), 2 survivors (2048K)
 Metaspace       used 79042K, capacity 80514K, committed 86908K, reserved 1124352K
  class space    used 10184K, capacity 10519K, committed 11900K, reserved 1048576K
}
Event: 8129.141 GC heap after
{Heap after GC invocations=338 (full 56):
 garbage-first heap   total 222208K, used 74512K [0x0000000700000000, 0x00000007001006c8, 0x00000007c0000000)
  region size 1024K, 1 young (1024K), 1 survivors (1024K)
 Metaspace       used 79042K, capacity 80514K, committed 86908K, reserved 1124352K
  class space    used 10184K, capacity 10519K, committed 11900K, reserved 1048576K
}

Deoptimization events (10 events):
Event: 7740.247 Thread 0x000002ca5be19800 Uncommon trap: reason=class_check action=maybe_recompile pc=0x000002ca49f889c8 method=sun.java2d.SunGraphics2D.drawBytes([BIIII)V @ 141 c2
Event: 7809.388 Thread 0x000002ca5be19800 Uncommon trap: reason=unstable_if action=reinterpret pc=0x000002ca49f91cec method=javax.swing.text.html.parser.Parser.parseContent()V @ 296 c2
Event: 7809.395 Thread 0x000002ca5be19800 Uncommon trap: reason=unstable_if action=reinterpret pc=0x000002ca4a77e05c method=javax.swing.JComponent.paintChildren(Ljava/awt/Graphics;)V @ 384 c2
Event: 7810.087 Thread 0x000002ca5be19800 Uncommon trap: reason=unstable_if action=reinterpret pc=0x000002ca4ae7a954 method=javax.swing.JComponent.getObscuredState(IIIII)I @ 54 c2
Event: 7810.088 Thread 0x000002ca5be19800 Uncommon trap: reason=unstable_if action=reinterpret pc=0x000002ca4abcab0c method=javax.swing.text.BoxView.paint(Ljava/awt/Graphics;Ljava/awt/Shape;)V @ 221 c2
Event: 7810.141 Thread 0x000002ca5be19800 Uncommon trap: reason=class_check action=maybe_recompile pc=0x000002ca4a6dc238 method=javax.swing.ToolTipManager.mouseMoved(Ljava/awt/event/MouseEvent;)V @ 26 c2
Event: 7810.145 Thread 0x000002ca5be19800 Uncommon trap: reason=class_check action=maybe_recompile pc=0x000002ca4a6dc238 method=javax.swing.ToolTipManager.mouseMoved(Ljava/awt/event/MouseEvent;)V @ 26 c2
Event: 7810.192 Thread 0x000002ca5be19800 Uncommon trap: reason=class_check action=maybe_recompile pc=0x000002ca4a6dc238 method=javax.swing.ToolTipManager.mouseMoved(Ljava/awt/event/MouseEvent;)V @ 26 c2
Event: 7810.201 Thread 0x000002ca5be19800 Uncommon trap: reason=class_check action=maybe_recompile pc=0x000002ca4a6dc238 method=javax.swing.ToolTipManager.mouseMoved(Ljava/awt/event/MouseEvent;)V @ 26 c2
Event: 7994.648 Thread 0x000002ca5be19800 Uncommon trap: reason=unstable_if action=reinterpret pc=0x000002ca4a0f8c94 method=java.util.concurrent.locks.ReentrantLock$Sync.nonfairTryAcquire(I)Z @ 19 c2

Classes redefined (0 events):
No events

Internal exceptions (10 events):
Event: 3642.880 Thread 0x000002ca5be19800 Implicit null exception at 0x000002ca4a486cb9 to 0x000002ca4a488b19
Event: 4785.908 Thread 0x000002ca5be19800 Exception <a 'java/lang/NoSuchMethodError'{0x000000070ced49e0}: java.lang.invoke.DirectMethodHandle$Holder.invokeSpecial(Ljava/lang/Object;Ljava/lang/Object;ILjava/lang/Object;)V> (0x000000070ced49e0) thrown at [t:/workspace/hotspot/src/share/vm/interpret
Event: 4785.909 Thread 0x000002ca5be19800 Exception <a 'java/lang/NoSuchMethodError'{0x000000070ceda308}: java.lang.invoke.DirectMethodHandle$Holder.invokeStatic(Ljava/lang/Object;Ljava/lang/Object;ILjava/lang/Object;)Ljava/lang/Object;> (0x000000070ceda308) thrown at [t:/workspace/hotspot/src/sh
Event: 4787.220 Thread 0x000002ca5be19800 Exception <a 'java/lang/NoSuchMethodError'{0x000000070bec3630}: method resolution failed> (0x000000070bec3630) thrown at [t:/workspace/hotspot/src/share/vm/prims/methodHandles.cpp, line 1256]
Event: 4787.221 Thread 0x000002ca5be19800 Exception <a 'java/lang/NoSuchMethodError'{0x000000070bec9858}: java.lang.invoke.DirectMethodHandle$Holder.invokeStatic(Ljava/lang/Object;Ljava/lang/Object;IILjava/lang/Object;)Ljava/lang/Object;> (0x000000070bec9858) thrown at [t:/workspace/hotspot/src/s
Event: 4787.221 Thread 0x000002ca5be19800 Exception <a 'java/lang/NoSuchMethodError'{0x000000070becd508}: java.lang.invoke.DirectMethodHandle$Holder.invokeSpecial(Ljava/lang/Object;Ljava/lang/Object;Ljava/lang/Object;IILjava/lang/Object;)Ljava/lang/Object;> (0x000000070becd508) thrown at [t:/work
Event: 4787.606 Thread 0x000002ca5be19800 Implicit null exception at 0x000002ca49d33f4c to 0x000002ca49d34865
Event: 4787.607 Thread 0x000002ca5be19800 Implicit null exception at 0x000002ca4a1515eb to 0x000002ca4a1518c1
Event: 4787.654 Thread 0x000002ca5be19800 Implicit null exception at 0x000002ca4ae021e2 to 0x000002ca4ae09a4d
Event: 7736.615 Thread 0x000002ca5be19800 Implicit null exception at 0x000002ca49f7d9cc to 0x000002ca49f7db99

Events (10 events):
Event: 8129.900 Thread 0x000002ca5e3ed000 Thread exited: 0x000002ca5e3ed000
Event: 8130.208 Thread 0x000002ca5e3ed000 Thread added: 0x000002ca5e3ed000
Event: 8130.213 Executing VM operation: RevokeBias
Event: 8130.213 Executing VM operation: RevokeBias done
Event: 8130.214 Executing VM operation: RevokeBias
Event: 8130.214 Executing VM operation: RevokeBias done
Event: 8130.267 Executing VM operation: BulkRevokeBias
Event: 8130.268 Executing VM operation: BulkRevokeBias done
Event: 8130.896 Thread 0x000002ca5e3e6000 Thread added: 0x000002ca5e3e6000
Event: 8130.899 Thread 0x000002ca5e3e6000 Thread exited: 0x000002ca5e3e6000


Dynamic libraries:
0x00007ff6ca550000 - 0x00007ff6ca580000 	D:\Xilinx\Vivado\2018.3\bin\unwrapped\win64.o\vivado.exe
0x00007ffe6d9f0000 - 0x00007ffe6dbe5000 	C:\WINDOWS\SYSTEM32\ntdll.dll
0x00007ffe6c190000 - 0x00007ffe6c24e000 	C:\WINDOWS\System32\KERNEL32.DLL
0x00007ffe6b2c0000 - 0x00007ffe6b588000 	C:\WINDOWS\System32\KERNELBASE.dll
0x00007ffe6b590000 - 0x00007ffe6b690000 	C:\WINDOWS\System32\ucrtbase.dll
0x00007ffe62840000 - 0x00007ffe628cd000 	C:\WINDOWS\SYSTEM32\MSVCP140.dll
0x00007ffe628d0000 - 0x00007ffe628eb000 	C:\WINDOWS\SYSTEM32\VCRUNTIME140.dll
0x00007ffe61dd0000 - 0x00007ffe61ddc000 	C:\WINDOWS\SYSTEM32\VCRUNTIME140_1.dll
0x00007ffe65850000 - 0x00007ffe65864000 	D:\Xilinx\Vivado\2018.3\lib\win64.o\librdi_commonmain.dll
0x00007ffe65830000 - 0x00007ffe65844000 	D:\Xilinx\Vivado\2018.3\lib\win64.o\libboost_signals.dll
0x00007ffe06320000 - 0x00007ffe071b4000 	D:\Xilinx\Vivado\2018.3\lib\win64.o\librdi_common.dll
0x00007ffe6c6d0000 - 0x00007ffe6c871000 	C:\WINDOWS\System32\USER32.dll
0x00007ffe6b690000 - 0x00007ffe6b6b2000 	C:\WINDOWS\System32\win32u.dll
0x00007ffe6c8e0000 - 0x00007ffe6c90b000 	C:\WINDOWS\System32\GDI32.dll
0x00007ffe6b1b0000 - 0x00007ffe6b2bd000 	C:\WINDOWS\System32\gdi32full.dll
0x00007ffe6b990000 - 0x00007ffe6ba2d000 	C:\WINDOWS\System32\msvcp_win.dll
0x00007ffe6d8e0000 - 0x00007ffe6d98c000 	C:\WINDOWS\System32\ADVAPI32.dll
0x00007ffe6cbb0000 - 0x00007ffe6cc4e000 	C:\WINDOWS\System32\msvcrt.dll
0x00007ffe6d790000 - 0x00007ffe6d82b000 	C:\WINDOWS\System32\sechost.dll
0x00007ffe6ce70000 - 0x00007ffe6cf9a000 	C:\WINDOWS\System32\RPCRT4.dll
0x00007ffe6ba30000 - 0x00007ffe6c174000 	C:\WINDOWS\System32\SHELL32.dll
0x00007ffe65800000 - 0x00007ffe65826000 	D:\Xilinx\Vivado\2018.3\lib\win64.o\libboost_filesystem.dll
0x00007ffe657f0000 - 0x00007ffe657fa000 	D:\Xilinx\Vivado\2018.3\lib\win64.o\librdi_commonversion.dll
0x00007ffe3b9f0000 - 0x00007ffe3bb11000 	D:\Xilinx\Vivado\2018.3\lib\win64.o\librdi_commonxillic.dll
0x000000006aba0000 - 0x000000006accb000 	D:\Xilinx\Vivado\2018.3\lib\win64.o\tcl85t.dll
0x00007ffe6ce00000 - 0x00007ffe6ce6b000 	C:\WINDOWS\System32\WS2_32.dll
0x00007ffe1bb70000 - 0x00007ffe1bede000 	D:\Xilinx\Vivado\2018.3\lib\win64.o\libCOIN-all.dll
0x00007ffe06060000 - 0x00007ffe06315000 	D:\Xilinx\Vivado\2018.3\lib\win64.o\libXil_lmgr11.dll
0x00007ffe6d000000 - 0x00007ffe6d0da000 	C:\WINDOWS\System32\COMDLG32.dll
0x00007ffe6d160000 - 0x00007ffe6d4b5000 	C:\WINDOWS\System32\combase.dll
0x00007ffe6d5e0000 - 0x00007ffe6d68d000 	C:\WINDOWS\System32\shcore.dll
0x00007ffe6caf0000 - 0x00007ffe6cb45000 	C:\WINDOWS\System32\SHLWAPI.dll
0x00007ffe6d6c0000 - 0x00007ffe6d78d000 	C:\WINDOWS\System32\OLEAUT32.dll
0x00007ffe6c9a0000 - 0x00007ffe6caca000 	C:\WINDOWS\System32\ole32.dll
0x00007ffe6b6c0000 - 0x00007ffe6b720000 	C:\WINDOWS\System32\WINTRUST.dll
0x00007ffe6b830000 - 0x00007ffe6b986000 	C:\WINDOWS\System32\CRYPT32.dll
0x00007ffe657d0000 - 0x00007ffe657e4000 	D:\Xilinx\Vivado\2018.3\lib\win64.o\libboost_date_time.dll
0x00007ffe48820000 - 0x00007ffe4889f000 	D:\Xilinx\Vivado\2018.3\lib\win64.o\libboost_program_options.dll
0x00007ffe65780000 - 0x00007ffe6578b000 	D:\Xilinx\Vivado\2018.3\lib\win64.o\libboost_system.dll
0x00007ffe138c0000 - 0x00007ffe139d4000 	D:\Xilinx\Vivado\2018.3\lib\win64.o\libboost_regex.dll
0x00007ffe54220000 - 0x00007ffe54241000 	D:\Xilinx\Vivado\2018.3\lib\win64.o\libboost_thread.dll
0x00007ffe636b0000 - 0x00007ffe636bf000 	D:\Xilinx\Vivado\2018.3\lib\win64.o\libboost_xilinx.dll
0x00007ffe36750000 - 0x00007ffe367d2000 	D:\Xilinx\Vivado\2018.3\lib\win64.o\libhdlpsolve.dll
0x00007ffe26ed0000 - 0x00007ffe26f75000 	D:\Xilinx\Vivado\2018.3\lib\win64.o\libhdxml.dll
0x00007ffe54180000 - 0x00007ffe541ae000 	D:\Xilinx\Vivado\2018.3\lib\win64.o\libisl_sysinfo.dll
0x00007ffe05810000 - 0x00007ffe0605e600 	D:\Xilinx\Vivado\2018.3\lib\win64.o\libisl_iostreams.dll
0x00007ffe258c0000 - 0x00007ffe25925000 	D:\Xilinx\Vivado\2018.3\lib\win64.o\liblmx6.0.dll
0x00007ffe42580000 - 0x00007ffe4259a000 	D:\Xilinx\Vivado\2018.3\lib\win64.o\pthreadVC2.dll
0x00007ffe3d470000 - 0x00007ffe3d48c000 	D:\Xilinx\Vivado\2018.3\lib\win64.o\librdiconfig.dll
0x00007ffe62820000 - 0x00007ffe62838000 	C:\WINDOWS\SYSTEM32\NETAPI32.dll
0x00007ffe368c0000 - 0x00007ffe368e1000 	D:\Xilinx\Vivado\2018.3\lib\win64.o\librdizlib.dll
0x00007ffe56b50000 - 0x00007ffe57028000 	C:\WINDOWS\SYSTEM32\WININET.dll
0x00007ffe61ca0000 - 0x00007ffe61dac000 	C:\WINDOWS\SYSTEM32\WINHTTP.dll
0x00007ffe58bb0000 - 0x00007ffe58d9b000 	C:\WINDOWS\SYSTEM32\urlmon.dll
0x00007ffe668a0000 - 0x00007ffe668a9000 	C:\WINDOWS\SYSTEM32\WSOCK32.dll
0x00007ffe39420000 - 0x00007ffe39447000 	C:\WINDOWS\SYSTEM32\VCOMP140.DLL
0x00007ffe61aa0000 - 0x00007ffe61b50000 	C:\WINDOWS\WinSxS\amd64_microsoft.windows.common-controls_6595b64144ccf1df_5.82.19041.1110_none_792d1c772443f647\COMCTL32.dll
0x00007ffe64520000 - 0x00007ffe6453d000 	C:\WINDOWS\SYSTEM32\dhcpcsvc.DLL
0x00007ffe04970000 - 0x00007ffe05801000 	D:\Xilinx\Vivado\2018.3\lib\win64.o\gurobi65.dll
0x00007ffe3b9d0000 - 0x00007ffe3b9eb000 	D:\Xilinx\Vivado\2018.3\lib\win64.o\libboost_iostreams.dll
0x00007ffe558d0000 - 0x00007ffe558dd000 	D:\Xilinx\Vivado\2018.3\lib\win64.o\libboost_chrono.dll
0x00007ffe59330000 - 0x00007ffe595e0000 	C:\WINDOWS\SYSTEM32\iertutil.dll
0x00007ffe58b20000 - 0x00007ffe58b48000 	C:\WINDOWS\SYSTEM32\srvcli.dll
0x00007ffe6a690000 - 0x00007ffe6a69c000 	C:\WINDOWS\SYSTEM32\netutils.dll
0x0000000012000000 - 0x0000000012272000 	D:\Xilinx\Vivado\2018.3\lib\win64.o\xerces-c_3_1.dll
0x00007ffe36840000 - 0x00007ffe36865000 	D:\Xilinx\Vivado\2018.3\lib\win64.o\libisl_iosutils.dll
0x00007ffe6d690000 - 0x00007ffe6d6c0000 	C:\WINDOWS\System32\IMM32.DLL
0x00007ffe6ace0000 - 0x00007ffe6acf2000 	C:\WINDOWS\SYSTEM32\MSASN1.dll
0x00007ffe699d0000 - 0x00007ffe699e2000 	C:\WINDOWS\SYSTEM32\kernel.appcore.dll
0x00007ffe04470000 - 0x00007ffe04965000 	D:\Xilinx\Vivado\2018.3\lib\win64.o\librdi_commontasks.dll
0x00007ffe61c30000 - 0x00007ffe61c3a000 	C:\WINDOWS\SYSTEM32\VERSION.dll
0x0000000069e10000 - 0x000000006a835000 	D:\Xilinx\Vivado\2018.3\tps\win64\jre9.0.4\bin\server\jvm.dll
0x00007ffe6cad0000 - 0x00007ffe6cad8000 	C:\WINDOWS\System32\PSAPI.DLL
0x00007ffe68d10000 - 0x00007ffe68d37000 	C:\WINDOWS\SYSTEM32\WINMM.dll
0x00007ffe13650000 - 0x00007ffe1373f000 	C:\WINDOWS\SYSTEM32\MSVCR120.dll
0x00007ffe041f0000 - 0x00007ffe0446f000 	D:\Xilinx\Vivado\2018.3\lib\win64.o\librdi_sio.dll
0x00007ffe6a4d0000 - 0x00007ffe6a50b000 	C:\WINDOWS\SYSTEM32\IPHLPAPI.DLL
0x00007ffe6a840000 - 0x00007ffe6a8aa000 	C:\WINDOWS\SYSTEM32\MSWSOCK.DLL
0x00007ffe68f00000 - 0x00007ffe69694000 	C:\WINDOWS\SYSTEM32\windows.storage.dll
0x00007ffe6ab50000 - 0x00007ffe6ab7e000 	C:\WINDOWS\SYSTEM32\Wldp.dll
0x00007ffe01e20000 - 0x00007ffe041e2000 	D:\Xilinx\Vivado\2018.3\lib\win64.o\librdi_tcltasks.dll
0x00007ffe1eae0000 - 0x00007ffe1eb4a000 	D:\Xilinx\Vivado\2018.3\lib\win64.o\librdi_boarddep.dll
0x00007ffe13570000 - 0x00007ffe1364c000 	D:\Xilinx\Vivado\2018.3\lib\win64.o\librdi_chipscope.dll
0x00007ffe01ca0000 - 0x00007ffe01e1e000 	D:\Xilinx\Vivado\2018.3\lib\win64.o\librdi_board.dll
0x00007ffe018c0000 - 0x00007ffe01c9c000 	D:\Xilinx\Vivado\2018.3\lib\win64.o\librdi_bitstream.dll
0x00007ffe01700000 - 0x00007ffe018b9000 	D:\Xilinx\Vivado\2018.3\lib\win64.o\librdi_chipscopeimpl.dll
0x00007ffdffca0000 - 0x00007ffdffde8000 	D:\Xilinx\Vivado\2018.3\lib\win64.o\librdi_containers.dll
0x00007ffdffdf0000 - 0x00007ffe016f5000 	D:\Xilinx\Vivado\2018.3\lib\win64.o\librdi_constraints.dll
0x00007ffdff5c0000 - 0x00007ffdffc9a000 	D:\Xilinx\Vivado\2018.3\lib\win64.o\librdi_coregenipxact.dll
0x00007ffdfd7a0000 - 0x00007ffdff5bf000 	D:\Xilinx\Vivado\2018.3\lib\win64.o\librdi_coregen.dll
0x00007ffdec720000 - 0x00007ffdeca3b000 	D:\Xilinx\Vivado\2018.3\lib\win64.o\librdi_dlyest.dll
0x00007ffdeca40000 - 0x00007ffdfd792000 	D:\Xilinx\Vivado\2018.3\lib\win64.o\librdi_device.dll
0x00007ffde8920000 - 0x00007ffdec71b000 	D:\Xilinx\Vivado\2018.3\lib\win64.o\librdi_designutils.dll
0x00007ffde83c0000 - 0x00007ffde8920000 	D:\Xilinx\Vivado\2018.3\lib\win64.o\librdi_drc.dll
0x00007ffde82f0000 - 0x00007ffde83b2000 	D:\Xilinx\Vivado\2018.3\lib\win64.o\librdi_dsp.dll
0x00007ffde8010000 - 0x00007ffde82ea000 	D:\Xilinx\Vivado\2018.3\lib\win64.o\librdi_guitools.dll
0x00007ffe366f0000 - 0x00007ffe3674d000 	D:\Xilinx\Vivado\2018.3\lib\win64.o\librdi_hdf.dll
0x00007ffde79d0000 - 0x00007ffde800f000 	D:\Xilinx\Vivado\2018.3\lib\win64.o\librdi_filemgmt.dll
0x00007ffde73b0000 - 0x00007ffde79c5000 	D:\Xilinx\Vivado\2018.3\lib\win64.o\librdi_memdata.dll
0x00007ffde6010000 - 0x00007ffde73a1000 	D:\Xilinx\Vivado\2018.3\lib\win64.o\librdi_implflow.dll
0x00007ffe1a590000 - 0x00007ffe1a601000 	D:\Xilinx\Vivado\2018.3\lib\win64.o\librdi_memoryarray.dll
0x00007ffde2020000 - 0x00007ffde265b000 	D:\Xilinx\Vivado\2018.3\lib\win64.o\librdi_netlist.dll
0x00007ffe23770000 - 0x00007ffe237c0000 	D:\Xilinx\Vivado\2018.3\lib\win64.o\librdi_pfi.dll
0x00007ffde2660000 - 0x00007ffde600c000 	D:\Xilinx\Vivado\2018.3\lib\win64.o\librdi_mig.dll
0x00007ffde1d10000 - 0x00007ffde2017000 	D:\Xilinx\Vivado\2018.3\lib\win64.o\librdi_platform.dll
0x00007ffde1610000 - 0x00007ffde1d05000 	D:\Xilinx\Vivado\2018.3\lib\win64.o\librdi_power.dll
0x00007ffddf0f0000 - 0x00007ffde1604000 	D:\Xilinx\Vivado\2018.3\lib\win64.o\librdi_place.dll
0x00007ffddeb90000 - 0x00007ffddf0e6000 	D:\Xilinx\Vivado\2018.3\lib\win64.o\librdi_project.dll
0x00007ffdde490000 - 0x00007ffddeb83000 	D:\Xilinx\Vivado\2018.3\lib\win64.o\librdi_psta.dll
0x00007ffdde0b0000 - 0x00007ffdde487000 	D:\Xilinx\Vivado\2018.3\lib\win64.o\librdi_runs.dll
0x00007ffddd9d0000 - 0x00007ffdde0a9000 	D:\Xilinx\Vivado\2018.3\lib\win64.o\librdi_rsb.dll
0x00007ffddd8f0000 - 0x00007ffddd9c8000 	D:\Xilinx\Vivado\2018.3\lib\win64.o\librdi_runsbase.dll
0x00007ffddd6c0000 - 0x00007ffddd8e8000 	D:\Xilinx\Vivado\2018.3\lib\win64.o\librdi_simdata.dll
0x00007ffddd560000 - 0x00007ffddd6b4000 	D:\Xilinx\Vivado\2018.3\lib\win64.o\librdi_advchipscopeimpl.dll
0x00007ffe1e3e0000 - 0x00007ffe1e42c000 	D:\Xilinx\Vivado\2018.3\lib\win64.o\libboost_serialization.dll
0x00007ffe12e30000 - 0x00007ffe12ee8000 	D:\Xilinx\Vivado\2018.3\lib\win64.o\librdi_hip_devdesign.dll
0x00007ffddc7d0000 - 0x00007ffddd55d000 	D:\Xilinx\Vivado\2018.3\lib\win64.o\librdi_timing.dll
0x00007ffe13430000 - 0x00007ffe134db000 	D:\Xilinx\Vivado\2018.3\lib\win64.o\librdi_ipconfig_readwrite.dll
0x00007ffe26990000 - 0x00007ffe269c8000 	D:\Xilinx\Vivado\2018.3\lib\win64.o\librdi_noc_frameworks.dll
0x00007ffe148d0000 - 0x00007ffe1496e000 	D:\Xilinx\Vivado\2018.3\lib\win64.o\libise.dll
0x00007ffddbc80000 - 0x00007ffddc7c7000 	D:\Xilinx\Vivado\2018.3\lib\win64.o\libverific.dll
0x00007ffddb8c0000 - 0x00007ffddbc75000 	D:\Xilinx\Vivado\2018.3\lib\win64.o\librdi_hip_config.dll
0x00007ffddb370000 - 0x00007ffddb8be000 	D:\Xilinx\Vivado\2018.3\lib\win64.o\librdi_xdm.dll
0x00007ffe1e270000 - 0x00007ffe1e2b9000 	D:\Xilinx\Vivado\2018.3\lib\win64.o\librdi_wavedata_SimpleApi.dll
0x00007ffe13f70000 - 0x00007ffe13fd3000 	D:\Xilinx\Vivado\2018.3\lib\win64.o\librdi_hip_mathengine.dll
0x00007ffddad80000 - 0x00007ffddb364000 	D:\Xilinx\Vivado\2018.3\lib\win64.o\librdi_wavedata.dll
0x00007ffdd7e20000 - 0x00007ffdd8e22000 	D:\Xilinx\Vivado\2018.3\lib\win64.o\librdi_route.dll
0x00007ffe11060000 - 0x00007ffe110e8000 	D:\Xilinx\Vivado\2018.3\lib\win64.o\librdi_meir_core.dll

VM Arguments:
jvm_args: -Dsun.java2d.pmoffscreen=false -Dsun.java2d.xrender=false -Dsun.java2d.d3d=false -Dsun.awt.nopixfmt=true -Dsun.java2d.dpiaware=true -Dsun.java2d.uiScale.enabled=false -Xverify:none -Dswing.aatext=true -XX:-UsePerfData -Djdk.map.althashing.threshold=512 -XX:StringTableSize=4072 --add-opens=java.base/java.nio=ALL-UNNAMED --add-opens=java.desktop/sun.swing=ALL-UNNAMED --add-opens=java.desktop/javax.swing=ALL-UNNAMED --add-opens=java.desktop/javax.swing.tree=ALL-UNNAMED --add-opens=java.desktop/javax.swing.plaf.basic=ALL-UNNAMED --add-opens=java.desktop/javax.swing.plaf.synth=ALL-UNNAMED --add-opens=java.desktop/com.sun.awt=ALL-UNNAMED -XX:NewSize=60m -XX:MaxNewSize=60m -Xms128m -Xmx3072m -Xss5m 
java_command: <unknown>
java_class_path (initial): D:/Xilinx/Vivado/2018.3\lib\classes\alloy.jar;D:/Xilinx/Vivado/2018.3\lib\classes\autopilot.scelaborator.jar;D:/Xilinx/Vivado/2018.3\lib\classes\autopilot.sourceprocessor.jar;D:/Xilinx/Vivado/2018.3\lib\classes\autopilot.tbprocessor.jar;D:/Xilinx/Vivado/2018.3\lib\classes\batik-anim.jar;D:/Xilinx/Vivado/2018.3\lib\classes\batik-awt-util.jar;D:/Xilinx/Vivado/2018.3\lib\classes\batik-bridge.jar;D:/Xilinx/Vivado/2018.3\lib\classes\batik-codec.jar;D:/Xilinx/Vivado/2018.3\lib\classes\batik-css.jar;D:/Xilinx/Vivado/2018.3\lib\classes\batik-dom.jar;D:/Xilinx/Vivado/2018.3\lib\classes\batik-ext.jar;D:/Xilinx/Vivado/2018.3\lib\classes\batik-gui-util.jar;D:/Xilinx/Vivado/2018.3\lib\classes\batik-gvt.jar;D:/Xilinx/Vivado/2018.3\lib\classes\batik-parser.jar;D:/Xilinx/Vivado/2018.3\lib\classes\batik-script.jar;D:/Xilinx/Vivado/2018.3\lib\classes\batik-svg-dom.jar;D:/Xilinx/Vivado/2018.3\lib\classes\batik-swing.jar;D:/Xilinx/Vivado/2018.3\lib\classes\batik-transcoder.jar;D:/Xilinx/Vivado/2018.3\lib\classes\batik-util.jar;D:/Xilinx/Vivado/2018.3\lib\classes\batik-xml.jar;D:/Xilinx/Vivado/2018.3\lib\classes\com.ibm.icu_4.4.2.v20110208.jar;D:/Xilinx/Vivado/2018.3\lib\classes\commons-collections4-4.1.jar;D:/Xilinx/Vivado/2018.3\lib\classes\commons-math-2.2.jar;D:/Xilinx/Vivado/2018.3\lib\classes\dom4j-1.6.1.jar;D:/Xilinx/Vivado/2018.3\lib\classes\guava-18.0.jar;D:/Xilinx/Vivado/2018.3\lib\classes\help.jar;D:/Xilinx/Vivado/2018.3\lib\classes\hsqldb.jar;D:/Xilinx/Vivado/2018.3\lib\classes\jargs.jar;D:/Xilinx/Vivado/2018.3\lib\classes\jaxb-api-2.3.0.jar;D:/Xilinx/Vivado/2018.3\lib\classes\jh.jar;D:/Xilinx/Vivado/2018.3\lib\classes\jide-action.jar;D:/Xilinx/Vivado/2018.3\lib\classes\jide-charts.jar;D:/Xilinx/Vivado/2018.3\lib\classes\jide-common.jar;D:/Xilinx/Vivado/2018.3\lib\classes\jide-components.jar;D:/Xilinx/Vivado/2018.3\lib\classes\jide-dashboard.jar;D:/Xilinx/Vivado/2018.3\lib\classes\jide-data.jar;D:/Xilinx/Vivado/2018.3\lib\classes\jide-dialogs.jar
Launcher Type: generic

Logging:
Log output configuration:
#0: stdout all=warning uptime,level,tags
#1: stderr all=off uptime,level,tags

Environment Variables:
PATH=D:/Xilinx/Vivado/2018.3/bin;D:/Xilinx/Vivado/2018.3/lib/win64.o;D:/Xilinx/Vivado/2018.3/tps/win64/jre9.0.4/bin/server;D:/Xilinx/Vivado/2018.3/tps/win64/jre9.0.4/bin;D:/Xilinx/SDK/2018.3/bin;D:/Xilinx/Vivado/2018.3/ids_lite/ISE/bin/nt64;D:/Xilinx/Vivado/2018.3/ids_lite/ISE/lib/nt64;C:\Program Files (x86)\NVIDIA Corporation\PhysX\Common;C:\WINDOWS\system32;C:\WINDOWS;C:\WINDOWS\System32\Wbem;C:\WINDOWS\System32\WindowsPowerShell\v1.0\;C:\WINDOWS\System32\OpenSSH\;D:\APP\LabView\Shared\LabVIEW CLI;D:\APP\MATLAB2021a\runtime\win64;D:\APP\MATLAB2021a\bin;D:\APP\MATLAB2021a\polyspace\bin;C:\Program Files\IDM Computer Solutions\UltraEdit;C:\Program Files\Microsoft SQL Server\Client SDK\ODBC\110\Tools\Binn\;C:\Program Files (x86)\Microsoft SQL Server\120\Tools\Binn\;C:\Program Files\Microsoft SQL Server\120\Tools\Binn\;C:\Program Files\Microsoft SQL Server\120\DTS\Binn\;C:\Program Files (x86)\Windows Kits\8.1\Windows Performance Toolkit\;C:\Users\alian\AppData\Local\Microsoft\WindowsApps;D:\texlive\2021\bin\win32;D:\texlive\SumatraPDF;;D:/Xilinx/Vivado/2018.3\tps\mingw\6.2.0\win64.o\nt\bin;D:/Xilinx/Vivado/2018.3\tps\mingw\6.2.0\win64.o\nt\libexec\gcc\x86_64-w64-mingw32\6.2.0
USERNAME=aliang
OS=Windows_NT
PROCESSOR_IDENTIFIER=Intel64 Family 6 Model 158 Stepping 9, GenuineIntel



---------------  S Y S T E M  ---------------

OS: Windows 10 , 64 bit Build 19041 (10.0.19041.1348)

CPU:total 4 (initial active 4) (4 cores per cpu, 1 threads per core) family 6 model 158 stepping 9, cmov, cx8, fxsr, mmx, sse, sse2, sse3, ssse3, sse4.1, sse4.2, popcnt, avx, avx2, aes, clmul, erms, 3dnowpref, lzcnt, tsc, tscinvbit, bmi1, bmi2, adx, fma

Memory: 4k page, physical 8303208k(4068320k free), swap 17740392k(10312220k free)

vm_info: Java HotSpot(TM) 64-Bit Server VM (9.0.4+11) for windows-amd64 JRE (9.0.4+11), built on Dec 20 2017 02:18:54 by "mach5one" with MS VC++ 12.0 (VS2013)

END.
